{"E:\\2025\\work\\analytics-debugger\\ga4mp\\src\\index.test.ts": {"path":"E:\\2025\\work\\analytics-debugger\\ga4mp\\src\\index.test.ts","all":false,"statementMap":{"0":{"start":{"line":1,"column":0},"end":{"line":1,"column":62}},"22":{"start":{"line":23,"column":0},"end":{"line":23,"column":25}},"23":{"start":{"line":24,"column":0},"end":{"line":24,"column":20}},"24":{"start":{"line":25,"column":0},"end":{"line":25,"column":23}},"25":{"start":{"line":26,"column":0},"end":{"line":26,"column":5}},"27":{"start":{"line":28,"column":0},"end":{"line":28,"column":36}},"28":{"start":{"line":29,"column":0},"end":{"line":29,"column":67}},"29":{"start":{"line":30,"column":0},"end":{"line":30,"column":94}},"30":{"start":{"line":31,"column":0},"end":{"line":31,"column":103}},"31":{"start":{"line":32,"column":0},"end":{"line":32,"column":7}},"33":{"start":{"line":34,"column":0},"end":{"line":34,"column":62}},"34":{"start":{"line":35,"column":0},"end":{"line":35,"column":44}},"35":{"start":{"line":36,"column":0},"end":{"line":36,"column":44}},"36":{"start":{"line":37,"column":0},"end":{"line":37,"column":63}},"37":{"start":{"line":38,"column":0},"end":{"line":38,"column":7}},"39":{"start":{"line":40,"column":0},"end":{"line":40,"column":65}},"40":{"start":{"line":41,"column":0},"end":{"line":41,"column":62}},"41":{"start":{"line":42,"column":0},"end":{"line":42,"column":50}},"42":{"start":{"line":43,"column":0},"end":{"line":43,"column":51}},"43":{"start":{"line":44,"column":0},"end":{"line":44,"column":7}},"45":{"start":{"line":46,"column":0},"end":{"line":46,"column":53}},"46":{"start":{"line":47,"column":0},"end":{"line":47,"column":22}},"47":{"start":{"line":48,"column":0},"end":{"line":48,"column":20}},"48":{"start":{"line":49,"column":0},"end":{"line":49,"column":36}},"49":{"start":{"line":50,"column":0},"end":{"line":50,"column":31}},"50":{"start":{"line":51,"column":0},"end":{"line":51,"column":8}},"51":{"start":{"line":52,"column":0},"end":{"line":52,"column":52}},"52":{"start":{"line":53,"column":0},"end":{"line":53,"column":59}},"53":{"start":{"line":54,"column":0},"end":{"line":54,"column":7}},"54":{"start":{"line":55,"column":0},"end":{"line":55,"column":5}},"56":{"start":{"line":57,"column":0},"end":{"line":57,"column":36}},"57":{"start":{"line":58,"column":0},"end":{"line":58,"column":42}},"59":{"start":{"line":60,"column":0},"end":{"line":60,"column":22}},"60":{"start":{"line":61,"column":0},"end":{"line":61,"column":38}},"61":{"start":{"line":62,"column":0},"end":{"line":62,"column":7}},"63":{"start":{"line":64,"column":0},"end":{"line":64,"column":50}},"64":{"start":{"line":65,"column":0},"end":{"line":65,"column":57}},"65":{"start":{"line":66,"column":0},"end":{"line":66,"column":62}},"66":{"start":{"line":67,"column":0},"end":{"line":67,"column":65}},"67":{"start":{"line":68,"column":0},"end":{"line":68,"column":56}},"68":{"start":{"line":69,"column":0},"end":{"line":69,"column":58}},"69":{"start":{"line":70,"column":0},"end":{"line":70,"column":58}},"70":{"start":{"line":71,"column":0},"end":{"line":71,"column":59}},"71":{"start":{"line":72,"column":0},"end":{"line":72,"column":7}},"73":{"start":{"line":74,"column":0},"end":{"line":74,"column":37}},"74":{"start":{"line":75,"column":0},"end":{"line":75,"column":20}},"75":{"start":{"line":76,"column":0},"end":{"line":76,"column":64}},"76":{"start":{"line":77,"column":0},"end":{"line":77,"column":23}},"77":{"start":{"line":78,"column":0},"end":{"line":78,"column":7}},"79":{"start":{"line":80,"column":0},"end":{"line":80,"column":44}},"80":{"start":{"line":81,"column":0},"end":{"line":81,"column":20}},"81":{"start":{"line":82,"column":0},"end":{"line":82,"column":60}},"82":{"start":{"line":83,"column":0},"end":{"line":83,"column":23}},"83":{"start":{"line":84,"column":0},"end":{"line":84,"column":7}},"85":{"start":{"line":86,"column":0},"end":{"line":86,"column":45}},"86":{"start":{"line":87,"column":0},"end":{"line":87,"column":20}},"87":{"start":{"line":88,"column":0},"end":{"line":88,"column":60}},"88":{"start":{"line":89,"column":0},"end":{"line":89,"column":23}},"89":{"start":{"line":90,"column":0},"end":{"line":90,"column":7}},"91":{"start":{"line":92,"column":0},"end":{"line":92,"column":36}},"92":{"start":{"line":93,"column":0},"end":{"line":93,"column":20}},"93":{"start":{"line":94,"column":0},"end":{"line":94,"column":43}},"94":{"start":{"line":95,"column":0},"end":{"line":95,"column":23}},"95":{"start":{"line":96,"column":0},"end":{"line":96,"column":7}},"97":{"start":{"line":98,"column":0},"end":{"line":98,"column":41}},"98":{"start":{"line":99,"column":0},"end":{"line":99,"column":45}},"99":{"start":{"line":100,"column":0},"end":{"line":100,"column":45}},"100":{"start":{"line":101,"column":0},"end":{"line":101,"column":42}},"101":{"start":{"line":102,"column":0},"end":{"line":102,"column":7}},"102":{"start":{"line":103,"column":0},"end":{"line":103,"column":5}},"103":{"start":{"line":104,"column":0},"end":{"line":104,"column":3}}},"s":{"0":1,"22":1,"23":1,"24":10,"25":1,"27":1,"28":1,"29":1,"30":1,"31":1,"33":1,"34":1,"35":1,"36":1,"37":1,"39":1,"40":1,"41":1,"42":1,"43":1,"45":1,"46":1,"47":1,"48":1,"49":1,"50":1,"51":1,"52":1,"53":1,"54":1,"56":1,"57":1,"59":1,"60":6,"61":1,"63":1,"64":1,"65":1,"66":1,"67":1,"68":1,"69":1,"70":1,"71":1,"73":1,"74":1,"75":1,"76":1,"77":1,"79":1,"80":1,"81":1,"82":1,"83":1,"85":1,"86":1,"87":1,"88":1,"89":1,"91":1,"92":1,"93":1,"94":1,"95":1,"97":1,"98":1,"99":1,"100":1,"101":1,"102":1,"103":1},"branchMap":{"0":{"type":"branch","line":23,"loc":{"start":{"line":23,"column":18},"end":{"line":104,"column":3}},"locations":[{"start":{"line":23,"column":18},"end":{"line":104,"column":3}}]},"1":{"type":"branch","line":24,"loc":{"start":{"line":24,"column":13},"end":{"line":26,"column":3}},"locations":[{"start":{"line":24,"column":13},"end":{"line":26,"column":3}}]},"2":{"type":"branch","line":28,"loc":{"start":{"line":28,"column":29},"end":{"line":55,"column":3}},"locations":[{"start":{"line":28,"column":29},"end":{"line":55,"column":3}}]},"3":{"type":"branch","line":29,"loc":{"start":{"line":29,"column":60},"end":{"line":32,"column":5}},"locations":[{"start":{"line":29,"column":60},"end":{"line":32,"column":5}}]},"4":{"type":"branch","line":30,"loc":{"start":{"line":30,"column":13},"end":{"line":30,"column":28}},"locations":[{"start":{"line":30,"column":13},"end":{"line":30,"column":28}}]},"5":{"type":"branch","line":31,"loc":{"start":{"line":31,"column":13},"end":{"line":31,"column":37}},"locations":[{"start":{"line":31,"column":13},"end":{"line":31,"column":37}}]},"6":{"type":"branch","line":34,"loc":{"start":{"line":34,"column":55},"end":{"line":38,"column":5}},"locations":[{"start":{"line":34,"column":55},"end":{"line":38,"column":5}}]},"7":{"type":"branch","line":40,"loc":{"start":{"line":40,"column":58},"end":{"line":44,"column":5}},"locations":[{"start":{"line":40,"column":58},"end":{"line":44,"column":5}}]},"8":{"type":"branch","line":46,"loc":{"start":{"line":46,"column":46},"end":{"line":54,"column":5}},"locations":[{"start":{"line":46,"column":46},"end":{"line":54,"column":5}}]},"9":{"type":"branch","line":57,"loc":{"start":{"line":57,"column":29},"end":{"line":103,"column":3}},"locations":[{"start":{"line":57,"column":29},"end":{"line":103,"column":3}}]},"10":{"type":"branch","line":60,"loc":{"start":{"line":60,"column":15},"end":{"line":62,"column":5}},"locations":[{"start":{"line":60,"column":15},"end":{"line":62,"column":5}}]},"11":{"type":"branch","line":64,"loc":{"start":{"line":64,"column":43},"end":{"line":72,"column":5}},"locations":[{"start":{"line":64,"column":43},"end":{"line":72,"column":5}}]},"12":{"type":"branch","line":74,"loc":{"start":{"line":74,"column":30},"end":{"line":78,"column":5}},"locations":[{"start":{"line":74,"column":30},"end":{"line":78,"column":5}}]},"13":{"type":"branch","line":75,"loc":{"start":{"line":75,"column":13},"end":{"line":77,"column":7}},"locations":[{"start":{"line":75,"column":13},"end":{"line":77,"column":7}}]},"14":{"type":"branch","line":80,"loc":{"start":{"line":80,"column":37},"end":{"line":84,"column":5}},"locations":[{"start":{"line":80,"column":37},"end":{"line":84,"column":5}}]},"15":{"type":"branch","line":81,"loc":{"start":{"line":81,"column":13},"end":{"line":83,"column":7}},"locations":[{"start":{"line":81,"column":13},"end":{"line":83,"column":7}}]},"16":{"type":"branch","line":86,"loc":{"start":{"line":86,"column":38},"end":{"line":90,"column":5}},"locations":[{"start":{"line":86,"column":38},"end":{"line":90,"column":5}}]},"17":{"type":"branch","line":87,"loc":{"start":{"line":87,"column":13},"end":{"line":89,"column":7}},"locations":[{"start":{"line":87,"column":13},"end":{"line":89,"column":7}}]},"18":{"type":"branch","line":92,"loc":{"start":{"line":92,"column":29},"end":{"line":96,"column":5}},"locations":[{"start":{"line":92,"column":29},"end":{"line":96,"column":5}}]},"19":{"type":"branch","line":93,"loc":{"start":{"line":93,"column":13},"end":{"line":95,"column":7}},"locations":[{"start":{"line":93,"column":13},"end":{"line":95,"column":7}}]},"20":{"type":"branch","line":98,"loc":{"start":{"line":98,"column":34},"end":{"line":102,"column":5}},"locations":[{"start":{"line":98,"column":34},"end":{"line":102,"column":5}}]}},"b":{"0":[1],"1":[10],"2":[1],"3":[1],"4":[1],"5":[1],"6":[1],"7":[1],"8":[1],"9":[1],"10":[6],"11":[1],"12":[1],"13":[1],"14":[1],"15":[1],"16":[1],"17":[1],"18":[1],"19":[1],"20":[1]},"fnMap":{},"f":{}}
,"E:\\2025\\work\\analytics-debugger\\ga4mp\\src\\index.ts": {"path":"E:\\2025\\work\\analytics-debugger\\ga4mp\\src\\index.ts","all":false,"statementMap":{"0":{"start":{"line":1,"column":0},"end":{"line":1,"column":8}},"8":{"start":{"line":9,"column":0},"end":{"line":9,"column":27}},"10":{"start":{"line":11,"column":0},"end":{"line":11,"column":65}},"11":{"start":{"line":12,"column":0},"end":{"line":12,"column":48}},"12":{"start":{"line":13,"column":0},"end":{"line":13,"column":48}},"13":{"start":{"line":14,"column":0},"end":{"line":14,"column":45}},"15":{"start":{"line":16,"column":0},"end":{"line":16,"column":24}},"84":{"start":{"line":85,"column":0},"end":{"line":85,"column":100}},"85":{"start":{"line":86,"column":0},"end":{"line":86,"column":27}},"86":{"start":{"line":87,"column":0},"end":{"line":87,"column":80}},"87":{"start":{"line":88,"column":0},"end":{"line":88,"column":5}},"89":{"start":{"line":90,"column":0},"end":{"line":90,"column":42}},"90":{"start":{"line":91,"column":0},"end":{"line":91,"column":16}},"91":{"start":{"line":92,"column":0},"end":{"line":92,"column":21}},"92":{"start":{"line":93,"column":0},"end":{"line":93,"column":44}},"93":{"start":{"line":94,"column":0},"end":{"line":94,"column":30}},"94":{"start":{"line":95,"column":0},"end":{"line":95,"column":32}},"95":{"start":{"line":96,"column":0},"end":{"line":96,"column":35}},"96":{"start":{"line":97,"column":0},"end":{"line":97,"column":18}},"97":{"start":{"line":98,"column":0},"end":{"line":98,"column":28}},"98":{"start":{"line":99,"column":0},"end":{"line":99,"column":38}},"99":{"start":{"line":100,"column":0},"end":{"line":100,"column":27}},"100":{"start":{"line":101,"column":0},"end":{"line":101,"column":153}},"101":{"start":{"line":102,"column":0},"end":{"line":102,"column":30}},"102":{"start":{"line":103,"column":0},"end":{"line":103,"column":16}},"103":{"start":{"line":104,"column":0},"end":{"line":104,"column":40}},"104":{"start":{"line":105,"column":0},"end":{"line":105,"column":10}},"105":{"start":{"line":106,"column":0},"end":{"line":106,"column":63}},"106":{"start":{"line":107,"column":0},"end":{"line":107,"column":22}},"107":{"start":{"line":108,"column":0},"end":{"line":108,"column":32}},"108":{"start":{"line":109,"column":0},"end":{"line":109,"column":94}},"109":{"start":{"line":110,"column":0},"end":{"line":110,"column":107}},"110":{"start":{"line":111,"column":0},"end":{"line":111,"column":52}},"111":{"start":{"line":112,"column":0},"end":{"line":112,"column":78}},"112":{"start":{"line":113,"column":0},"end":{"line":113,"column":25}},"113":{"start":{"line":114,"column":0},"end":{"line":114,"column":96}},"114":{"start":{"line":115,"column":0},"end":{"line":115,"column":78}},"115":{"start":{"line":116,"column":0},"end":{"line":116,"column":76}},"116":{"start":{"line":117,"column":0},"end":{"line":117,"column":89}},"117":{"start":{"line":118,"column":0},"end":{"line":118,"column":10}},"118":{"start":{"line":119,"column":0},"end":{"line":119,"column":18}},"119":{"start":{"line":120,"column":0},"end":{"line":120,"column":6}},"121":{"start":{"line":122,"column":0},"end":{"line":122,"column":164}},"123":{"start":{"line":124,"column":0},"end":{"line":124,"column":61}},"124":{"start":{"line":125,"column":0},"end":{"line":125,"column":53}},"125":{"start":{"line":126,"column":0},"end":{"line":126,"column":5}},"127":{"start":{"line":128,"column":0},"end":{"line":128,"column":43}},"128":{"start":{"line":129,"column":0},"end":{"line":129,"column":39}},"129":{"start":{"line":130,"column":0},"end":{"line":130,"column":23}},"130":{"start":{"line":131,"column":0},"end":{"line":131,"column":41}},"131":{"start":{"line":132,"column":0},"end":{"line":132,"column":45}},"132":{"start":{"line":133,"column":0},"end":{"line":133,"column":28}},"133":{"start":{"line":134,"column":0},"end":{"line":134,"column":14}},"134":{"start":{"line":135,"column":0},"end":{"line":135,"column":9}},"135":{"start":{"line":136,"column":0},"end":{"line":136,"column":5}},"137":{"start":{"line":138,"column":0},"end":{"line":138,"column":39}},"138":{"start":{"line":139,"column":0},"end":{"line":139,"column":33}},"139":{"start":{"line":140,"column":0},"end":{"line":140,"column":6}},"141":{"start":{"line":142,"column":0},"end":{"line":142,"column":39}},"142":{"start":{"line":143,"column":0},"end":{"line":143,"column":51}},"143":{"start":{"line":144,"column":0},"end":{"line":144,"column":6}},"145":{"start":{"line":146,"column":0},"end":{"line":146,"column":40}},"146":{"start":{"line":147,"column":0},"end":{"line":147,"column":52}},"147":{"start":{"line":148,"column":0},"end":{"line":148,"column":6}},"149":{"start":{"line":150,"column":0},"end":{"line":150,"column":67}},"150":{"start":{"line":151,"column":0},"end":{"line":151,"column":32}},"151":{"start":{"line":152,"column":0},"end":{"line":152,"column":17}},"152":{"start":{"line":153,"column":0},"end":{"line":153,"column":32}},"153":{"start":{"line":154,"column":0},"end":{"line":154,"column":29}},"154":{"start":{"line":155,"column":0},"end":{"line":155,"column":137}},"155":{"start":{"line":156,"column":0},"end":{"line":156,"column":34}},"156":{"start":{"line":157,"column":0},"end":{"line":157,"column":13}},"157":{"start":{"line":158,"column":0},"end":{"line":158,"column":9}},"158":{"start":{"line":159,"column":0},"end":{"line":159,"column":37}},"159":{"start":{"line":160,"column":0},"end":{"line":160,"column":42}},"160":{"start":{"line":161,"column":0},"end":{"line":161,"column":61}},"161":{"start":{"line":162,"column":0},"end":{"line":162,"column":6}},"163":{"start":{"line":164,"column":0},"end":{"line":164,"column":64}},"164":{"start":{"line":165,"column":0},"end":{"line":165,"column":37}},"165":{"start":{"line":166,"column":0},"end":{"line":166,"column":41}},"166":{"start":{"line":167,"column":0},"end":{"line":167,"column":50}},"167":{"start":{"line":168,"column":0},"end":{"line":168,"column":6}},"169":{"start":{"line":170,"column":0},"end":{"line":170,"column":119}},"170":{"start":{"line":171,"column":0},"end":{"line":171,"column":48}},"171":{"start":{"line":172,"column":0},"end":{"line":172,"column":56}},"172":{"start":{"line":173,"column":0},"end":{"line":173,"column":58}},"173":{"start":{"line":174,"column":0},"end":{"line":174,"column":9}},"175":{"start":{"line":176,"column":0},"end":{"line":176,"column":77}},"176":{"start":{"line":177,"column":0},"end":{"line":177,"column":33}},"177":{"start":{"line":178,"column":0},"end":{"line":178,"column":86}},"178":{"start":{"line":179,"column":0},"end":{"line":179,"column":13}},"179":{"start":{"line":180,"column":0},"end":{"line":180,"column":11}},"181":{"start":{"line":182,"column":0},"end":{"line":182,"column":33}},"182":{"start":{"line":183,"column":0},"end":{"line":183,"column":83}},"183":{"start":{"line":184,"column":0},"end":{"line":184,"column":65}},"184":{"start":{"line":185,"column":0},"end":{"line":185,"column":34}},"185":{"start":{"line":186,"column":0},"end":{"line":186,"column":10}},"187":{"start":{"line":188,"column":0},"end":{"line":188,"column":67}},"188":{"start":{"line":189,"column":0},"end":{"line":189,"column":16}},"189":{"start":{"line":190,"column":0},"end":{"line":190,"column":34}},"190":{"start":{"line":191,"column":0},"end":{"line":191,"column":58}},"191":{"start":{"line":192,"column":0},"end":{"line":192,"column":36}},"192":{"start":{"line":193,"column":0},"end":{"line":193,"column":15}},"193":{"start":{"line":194,"column":0},"end":{"line":194,"column":50}},"194":{"start":{"line":195,"column":0},"end":{"line":195,"column":56}},"195":{"start":{"line":196,"column":0},"end":{"line":196,"column":35}},"196":{"start":{"line":197,"column":0},"end":{"line":197,"column":38}},"197":{"start":{"line":198,"column":0},"end":{"line":198,"column":60}},"198":{"start":{"line":199,"column":0},"end":{"line":199,"column":62}},"199":{"start":{"line":200,"column":0},"end":{"line":200,"column":26}},"200":{"start":{"line":201,"column":0},"end":{"line":201,"column":84}},"201":{"start":{"line":202,"column":0},"end":{"line":202,"column":53}},"202":{"start":{"line":203,"column":0},"end":{"line":203,"column":71}},"203":{"start":{"line":204,"column":0},"end":{"line":204,"column":78}},"204":{"start":{"line":205,"column":0},"end":{"line":205,"column":33}},"205":{"start":{"line":206,"column":0},"end":{"line":206,"column":36}},"206":{"start":{"line":207,"column":0},"end":{"line":207,"column":65}},"207":{"start":{"line":208,"column":0},"end":{"line":208,"column":29}},"208":{"start":{"line":209,"column":0},"end":{"line":209,"column":27}},"209":{"start":{"line":210,"column":0},"end":{"line":210,"column":45}},"210":{"start":{"line":211,"column":0},"end":{"line":211,"column":53}},"211":{"start":{"line":212,"column":0},"end":{"line":212,"column":60}},"212":{"start":{"line":213,"column":0},"end":{"line":213,"column":44}},"213":{"start":{"line":214,"column":0},"end":{"line":214,"column":33}},"214":{"start":{"line":215,"column":0},"end":{"line":215,"column":55}},"215":{"start":{"line":216,"column":0},"end":{"line":216,"column":55}},"216":{"start":{"line":217,"column":0},"end":{"line":217,"column":64}},"217":{"start":{"line":218,"column":0},"end":{"line":218,"column":97}},"218":{"start":{"line":219,"column":0},"end":{"line":219,"column":103}},"219":{"start":{"line":220,"column":0},"end":{"line":220,"column":34}},"220":{"start":{"line":221,"column":0},"end":{"line":221,"column":43}},"221":{"start":{"line":222,"column":0},"end":{"line":222,"column":62}},"222":{"start":{"line":223,"column":0},"end":{"line":223,"column":21}},"223":{"start":{"line":224,"column":0},"end":{"line":224,"column":17}},"224":{"start":{"line":225,"column":0},"end":{"line":225,"column":20}},"225":{"start":{"line":226,"column":0},"end":{"line":226,"column":37}},"226":{"start":{"line":227,"column":0},"end":{"line":227,"column":90}},"227":{"start":{"line":228,"column":0},"end":{"line":228,"column":24}},"228":{"start":{"line":229,"column":0},"end":{"line":229,"column":78}},"229":{"start":{"line":230,"column":0},"end":{"line":230,"column":17}},"230":{"start":{"line":231,"column":0},"end":{"line":231,"column":13}},"231":{"start":{"line":232,"column":0},"end":{"line":232,"column":11}},"233":{"start":{"line":234,"column":0},"end":{"line":234,"column":80}},"234":{"start":{"line":235,"column":0},"end":{"line":235,"column":33}},"235":{"start":{"line":236,"column":0},"end":{"line":236,"column":86}},"236":{"start":{"line":237,"column":0},"end":{"line":237,"column":20}},"237":{"start":{"line":238,"column":0},"end":{"line":238,"column":74}},"238":{"start":{"line":239,"column":0},"end":{"line":239,"column":13}},"239":{"start":{"line":240,"column":0},"end":{"line":240,"column":11}},"241":{"start":{"line":242,"column":0},"end":{"line":242,"column":23}},"242":{"start":{"line":243,"column":0},"end":{"line":243,"column":6}},"244":{"start":{"line":245,"column":0},"end":{"line":245,"column":48}},"245":{"start":{"line":246,"column":0},"end":{"line":246,"column":81}},"246":{"start":{"line":247,"column":0},"end":{"line":247,"column":6}},"248":{"start":{"line":249,"column":0},"end":{"line":249,"column":39}},"249":{"start":{"line":250,"column":0},"end":{"line":250,"column":51}},"250":{"start":{"line":251,"column":0},"end":{"line":251,"column":6}},"252":{"start":{"line":253,"column":0},"end":{"line":253,"column":24}},"253":{"start":{"line":254,"column":0},"end":{"line":254,"column":26}},"254":{"start":{"line":255,"column":0},"end":{"line":255,"column":50}},"255":{"start":{"line":256,"column":0},"end":{"line":256,"column":50}},"256":{"start":{"line":257,"column":0},"end":{"line":257,"column":37}},"257":{"start":{"line":258,"column":0},"end":{"line":258,"column":16}},"258":{"start":{"line":259,"column":0},"end":{"line":259,"column":77}},"259":{"start":{"line":260,"column":0},"end":{"line":260,"column":21}},"260":{"start":{"line":261,"column":0},"end":{"line":261,"column":45}},"261":{"start":{"line":262,"column":0},"end":{"line":262,"column":49}},"262":{"start":{"line":263,"column":0},"end":{"line":263,"column":26}},"263":{"start":{"line":264,"column":0},"end":{"line":264,"column":18}},"264":{"start":{"line":265,"column":0},"end":{"line":265,"column":13}},"265":{"start":{"line":266,"column":0},"end":{"line":266,"column":69}},"266":{"start":{"line":267,"column":0},"end":{"line":267,"column":43}},"267":{"start":{"line":268,"column":0},"end":{"line":268,"column":62}},"268":{"start":{"line":269,"column":0},"end":{"line":269,"column":66}},"269":{"start":{"line":270,"column":0},"end":{"line":270,"column":43}},"270":{"start":{"line":271,"column":0},"end":{"line":271,"column":104}},"271":{"start":{"line":272,"column":0},"end":{"line":272,"column":62}},"272":{"start":{"line":273,"column":0},"end":{"line":273,"column":23}},"273":{"start":{"line":274,"column":0},"end":{"line":274,"column":17}},"274":{"start":{"line":275,"column":0},"end":{"line":275,"column":54}},"275":{"start":{"line":276,"column":0},"end":{"line":276,"column":20}},"276":{"start":{"line":277,"column":0},"end":{"line":277,"column":70}},"277":{"start":{"line":278,"column":0},"end":{"line":278,"column":74}},"278":{"start":{"line":279,"column":0},"end":{"line":279,"column":36}},"279":{"start":{"line":280,"column":0},"end":{"line":280,"column":17}},"280":{"start":{"line":281,"column":0},"end":{"line":281,"column":13}},"281":{"start":{"line":282,"column":0},"end":{"line":282,"column":11}},"282":{"start":{"line":283,"column":0},"end":{"line":283,"column":6}},"284":{"start":{"line":285,"column":0},"end":{"line":285,"column":12}},"285":{"start":{"line":286,"column":0},"end":{"line":286,"column":39}},"286":{"start":{"line":287,"column":0},"end":{"line":287,"column":33}},"287":{"start":{"line":288,"column":0},"end":{"line":288,"column":20}},"288":{"start":{"line":289,"column":0},"end":{"line":289,"column":21}},"289":{"start":{"line":290,"column":0},"end":{"line":290,"column":20}},"290":{"start":{"line":291,"column":0},"end":{"line":291,"column":24}},"291":{"start":{"line":292,"column":0},"end":{"line":292,"column":27}},"292":{"start":{"line":293,"column":0},"end":{"line":293,"column":18}},"293":{"start":{"line":294,"column":0},"end":{"line":294,"column":19}},"294":{"start":{"line":295,"column":0},"end":{"line":295,"column":6}},"295":{"start":{"line":296,"column":0},"end":{"line":296,"column":2}},"297":{"start":{"line":298,"column":0},"end":{"line":298,"column":21}}},"s":{"0":1,"8":1,"10":1,"11":1,"12":1,"13":1,"15":1,"84":1,"85":11,"86":2,"87":2,"89":9,"90":9,"91":9,"92":11,"93":11,"94":11,"95":11,"96":11,"97":11,"98":11,"99":11,"100":11,"101":11,"102":11,"103":11,"104":11,"105":11,"106":11,"107":11,"108":11,"109":11,"110":11,"111":11,"112":11,"113":11,"114":11,"115":11,"116":11,"117":11,"118":11,"119":11,"121":11,"123":11,"124":0,"125":0,"127":11,"128":0,"129":0,"130":0,"131":0,"132":0,"133":0,"134":0,"135":0,"137":9,"138":0,"139":0,"141":9,"142":2,"143":2,"145":9,"146":1,"147":1,"149":9,"150":1,"151":0,"152":0,"153":0,"154":0,"155":0,"156":0,"157":0,"158":1,"159":1,"160":1,"161":1,"163":9,"164":1,"165":1,"166":1,"167":1,"169":9,"170":1,"171":1,"172":1,"173":1,"175":1,"176":11,"177":11,"178":11,"179":1,"181":1,"182":1,"183":1,"184":1,"185":1,"187":1,"188":2,"189":2,"190":0,"191":0,"192":2,"193":0,"194":0,"195":0,"196":0,"197":0,"198":0,"199":0,"200":0,"201":0,"202":0,"203":0,"204":0,"205":0,"206":0,"207":0,"208":0,"209":0,"210":0,"211":0,"212":0,"213":0,"214":0,"215":0,"216":0,"217":0,"218":0,"219":0,"220":0,"221":0,"222":0,"223":0,"224":2,"225":2,"226":2,"227":2,"228":0,"229":0,"230":2,"231":1,"233":1,"234":0,"235":0,"236":0,"237":0,"238":0,"239":1,"241":1,"242":1,"244":9,"245":1,"246":1,"248":9,"249":1,"250":1,"252":9,"253":1,"254":1,"255":1,"256":1,"257":1,"258":1,"259":1,"260":0,"261":0,"262":0,"263":0,"264":0,"265":1,"266":1,"267":1,"268":1,"269":1,"270":1,"271":1,"272":1,"273":1,"274":1,"275":1,"276":0,"277":0,"278":0,"279":0,"280":0,"281":1,"282":1,"284":9,"285":9,"286":9,"287":9,"288":9,"289":9,"290":9,"291":9,"292":9,"293":9,"294":9,"295":9,"297":1},"branchMap":{"0":{"type":"branch","line":85,"loc":{"start":{"line":85,"column":14},"end":{"line":296,"column":2}},"locations":[{"start":{"line":85,"column":14},"end":{"line":296,"column":2}}]},"1":{"type":"branch","line":86,"loc":{"start":{"line":86,"column":26},"end":{"line":88,"column":5}},"locations":[{"start":{"line":86,"column":26},"end":{"line":88,"column":5}}]},"2":{"type":"branch","line":88,"loc":{"start":{"line":88,"column":4},"end":{"line":93,"column":34}},"locations":[{"start":{"line":88,"column":4},"end":{"line":93,"column":34}}]},"3":{"type":"branch","line":93,"loc":{"start":{"line":93,"column":29},"end":{"line":93,"column":44}},"locations":[{"start":{"line":93,"column":29},"end":{"line":93,"column":44}}]},"4":{"type":"branch","line":109,"loc":{"start":{"line":109,"column":54},"end":{"line":109,"column":76}},"locations":[{"start":{"line":109,"column":54},"end":{"line":109,"column":76}}]},"5":{"type":"branch","line":109,"loc":{"start":{"line":109,"column":58},"end":{"line":109,"column":94}},"locations":[{"start":{"line":109,"column":58},"end":{"line":109,"column":94}}]},"6":{"type":"branch","line":110,"loc":{"start":{"line":110,"column":30},"end":{"line":110,"column":61}},"locations":[{"start":{"line":110,"column":30},"end":{"line":110,"column":61}}]},"7":{"type":"branch","line":110,"loc":{"start":{"line":110,"column":49},"end":{"line":110,"column":107}},"locations":[{"start":{"line":110,"column":49},"end":{"line":110,"column":107}}]},"8":{"type":"branch","line":111,"loc":{"start":{"line":111,"column":30},"end":{"line":111,"column":42}},"locations":[{"start":{"line":111,"column":30},"end":{"line":111,"column":42}}]},"9":{"type":"branch","line":111,"loc":{"start":{"line":111,"column":38},"end":{"line":111,"column":52}},"locations":[{"start":{"line":111,"column":38},"end":{"line":111,"column":52}}]},"10":{"type":"branch","line":112,"loc":{"start":{"line":112,"column":41},"end":{"line":112,"column":68}},"locations":[{"start":{"line":112,"column":41},"end":{"line":112,"column":68}}]},"11":{"type":"branch","line":112,"loc":{"start":{"line":112,"column":64},"end":{"line":112,"column":78}},"locations":[{"start":{"line":112,"column":64},"end":{"line":112,"column":78}}]},"12":{"type":"branch","line":114,"loc":{"start":{"line":114,"column":31},"end":{"line":114,"column":64}},"locations":[{"start":{"line":114,"column":31},"end":{"line":114,"column":64}}]},"13":{"type":"branch","line":114,"loc":{"start":{"line":114,"column":51},"end":{"line":114,"column":96}},"locations":[{"start":{"line":114,"column":51},"end":{"line":114,"column":96}}]},"14":{"type":"branch","line":115,"loc":{"start":{"line":115,"column":35},"end":{"line":115,"column":76}},"locations":[{"start":{"line":115,"column":35},"end":{"line":115,"column":76}}]},"15":{"type":"branch","line":115,"loc":{"start":{"line":115,"column":59},"end":{"line":115,"column":78}},"locations":[{"start":{"line":115,"column":59},"end":{"line":115,"column":78}}]},"16":{"type":"branch","line":116,"loc":{"start":{"line":116,"column":28},"end":{"line":116,"column":66}},"locations":[{"start":{"line":116,"column":28},"end":{"line":116,"column":66}}]},"17":{"type":"branch","line":116,"loc":{"start":{"line":116,"column":62},"end":{"line":116,"column":76}},"locations":[{"start":{"line":116,"column":62},"end":{"line":116,"column":76}}]},"18":{"type":"branch","line":117,"loc":{"start":{"line":117,"column":36},"end":{"line":117,"column":79}},"locations":[{"start":{"line":117,"column":36},"end":{"line":117,"column":79}}]},"19":{"type":"branch","line":117,"loc":{"start":{"line":117,"column":61},"end":{"line":117,"column":89}},"locations":[{"start":{"line":117,"column":61},"end":{"line":117,"column":89}}]},"20":{"type":"branch","line":124,"loc":{"start":{"line":124,"column":31},"end":{"line":124,"column":60}},"locations":[{"start":{"line":124,"column":31},"end":{"line":124,"column":60}}]},"21":{"type":"branch","line":124,"loc":{"start":{"line":124,"column":60},"end":{"line":126,"column":5}},"locations":[{"start":{"line":124,"column":60},"end":{"line":126,"column":5}}]},"22":{"type":"branch","line":126,"loc":{"start":{"line":126,"column":4},"end":{"line":128,"column":42}},"locations":[{"start":{"line":126,"column":4},"end":{"line":128,"column":42}}]},"23":{"type":"branch","line":128,"loc":{"start":{"line":128,"column":42},"end":{"line":136,"column":5}},"locations":[{"start":{"line":128,"column":42},"end":{"line":136,"column":5}}]},"24":{"type":"branch","line":136,"loc":{"start":{"line":136,"column":4},"end":{"line":296,"column":2}},"locations":[{"start":{"line":136,"column":4},"end":{"line":296,"column":2}}]},"25":{"type":"branch","line":142,"loc":{"start":{"line":142,"column":24},"end":{"line":144,"column":6}},"locations":[{"start":{"line":142,"column":24},"end":{"line":144,"column":6}}]},"26":{"type":"branch","line":146,"loc":{"start":{"line":146,"column":25},"end":{"line":148,"column":6}},"locations":[{"start":{"line":146,"column":25},"end":{"line":148,"column":6}}]},"27":{"type":"branch","line":150,"loc":{"start":{"line":150,"column":31},"end":{"line":162,"column":6}},"locations":[{"start":{"line":150,"column":31},"end":{"line":162,"column":6}}]},"28":{"type":"branch","line":151,"loc":{"start":{"line":151,"column":31},"end":{"line":158,"column":9}},"locations":[{"start":{"line":151,"column":31},"end":{"line":158,"column":9}}]},"29":{"type":"branch","line":164,"loc":{"start":{"line":164,"column":28},"end":{"line":168,"column":6}},"locations":[{"start":{"line":164,"column":28},"end":{"line":168,"column":6}}]},"30":{"type":"branch","line":170,"loc":{"start":{"line":170,"column":25},"end":{"line":243,"column":6}},"locations":[{"start":{"line":170,"column":25},"end":{"line":243,"column":6}}]},"31":{"type":"branch","line":176,"loc":{"start":{"line":176,"column":58},"end":{"line":180,"column":9}},"locations":[{"start":{"line":176,"column":58},"end":{"line":180,"column":9}}]},"32":{"type":"branch","line":178,"loc":{"start":{"line":178,"column":59},"end":{"line":178,"column":80}},"locations":[{"start":{"line":178,"column":59},"end":{"line":178,"column":80}}]},"33":{"type":"branch","line":188,"loc":{"start":{"line":188,"column":48},"end":{"line":232,"column":9}},"locations":[{"start":{"line":188,"column":48},"end":{"line":232,"column":9}}]},"34":{"type":"branch","line":190,"loc":{"start":{"line":190,"column":24},"end":{"line":191,"column":58}},"locations":[{"start":{"line":190,"column":24},"end":{"line":191,"column":58}}]},"35":{"type":"branch","line":191,"loc":{"start":{"line":191,"column":53},"end":{"line":192,"column":36}},"locations":[{"start":{"line":191,"column":53},"end":{"line":192,"column":36}}]},"36":{"type":"branch","line":193,"loc":{"start":{"line":193,"column":14},"end":{"line":225,"column":19}},"locations":[{"start":{"line":193,"column":14},"end":{"line":225,"column":19}}]},"37":{"type":"branch","line":227,"loc":{"start":{"line":227,"column":63},"end":{"line":227,"column":84}},"locations":[{"start":{"line":227,"column":63},"end":{"line":227,"column":84}}]},"38":{"type":"branch","line":228,"loc":{"start":{"line":228,"column":16},"end":{"line":230,"column":17}},"locations":[{"start":{"line":228,"column":16},"end":{"line":230,"column":17}}]},"39":{"type":"branch","line":245,"loc":{"start":{"line":245,"column":22},"end":{"line":247,"column":6}},"locations":[{"start":{"line":245,"column":22},"end":{"line":247,"column":6}}]},"40":{"type":"branch","line":249,"loc":{"start":{"line":249,"column":24},"end":{"line":251,"column":6}},"locations":[{"start":{"line":249,"column":24},"end":{"line":251,"column":6}}]},"41":{"type":"branch","line":253,"loc":{"start":{"line":253,"column":23},"end":{"line":283,"column":6}},"locations":[{"start":{"line":253,"column":23},"end":{"line":283,"column":6}}]},"42":{"type":"branch","line":259,"loc":{"start":{"line":259,"column":68},"end":{"line":282,"column":9}},"locations":[{"start":{"line":259,"column":68},"end":{"line":282,"column":9}}]},"43":{"type":"branch","line":260,"loc":{"start":{"line":260,"column":20},"end":{"line":265,"column":13}},"locations":[{"start":{"line":260,"column":20},"end":{"line":265,"column":13}}]},"44":{"type":"branch","line":276,"loc":{"start":{"line":276,"column":12},"end":{"line":281,"column":13}},"locations":[{"start":{"line":276,"column":12},"end":{"line":281,"column":13}}]}},"b":{"0":[11],"1":[2],"2":[9],"3":[0],"4":[1],"5":[8],"6":[1],"7":[8],"8":[1],"9":[8],"10":[0],"11":[9],"12":[0],"13":[9],"14":[0],"15":[9],"16":[1],"17":[8],"18":[0],"19":[9],"20":[9],"21":[0],"22":[9],"23":[0],"24":[9],"25":[2],"26":[1],"27":[1],"28":[0],"29":[1],"30":[1],"31":[11],"32":[0],"33":[2],"34":[0],"35":[0],"36":[0],"37":[0],"38":[0],"39":[1],"40":[1],"41":[1],"42":[1],"43":[0],"44":[0]},"fnMap":{"0":{"name":"ga4mp","decl":{"start":{"line":85,"column":14},"end":{"line":296,"column":2}},"loc":{"start":{"line":85,"column":14},"end":{"line":296,"column":2}},"line":85},"1":{"name":"beforeRequestSend","decl":{"start":{"line":104,"column":31},"end":{"line":104,"column":40}},"loc":{"start":{"line":104,"column":31},"end":{"line":104,"column":40}},"line":104},"2":{"name":"dispatchQueue","decl":{"start":{"line":138,"column":26},"end":{"line":140,"column":6}},"loc":{"start":{"line":138,"column":26},"end":{"line":140,"column":6}},"line":138},"3":{"name":"getClientId","decl":{"start":{"line":142,"column":24},"end":{"line":144,"column":6}},"loc":{"start":{"line":142,"column":24},"end":{"line":144,"column":6}},"line":142},"4":{"name":"getSessionId","decl":{"start":{"line":146,"column":25},"end":{"line":148,"column":6}},"loc":{"start":{"line":146,"column":25},"end":{"line":148,"column":6}},"line":146},"5":{"name":"setEventsParameter","decl":{"start":{"line":150,"column":31},"end":{"line":162,"column":6}},"loc":{"start":{"line":150,"column":31},"end":{"line":162,"column":6}},"line":150},"6":{"name":"setUserProperty","decl":{"start":{"line":164,"column":28},"end":{"line":168,"column":6}},"loc":{"start":{"line":164,"column":28},"end":{"line":168,"column":6}},"line":164},"7":{"name":"buildPayload","decl":{"start":{"line":170,"column":25},"end":{"line":243,"column":6}},"loc":{"start":{"line":170,"column":25},"end":{"line":243,"column":6}},"line":170},"8":{"name":"setUserId","decl":{"start":{"line":245,"column":22},"end":{"line":247,"column":6}},"loc":{"start":{"line":245,"column":22},"end":{"line":247,"column":6}},"line":245},"9":{"name":"getHitIndex","decl":{"start":{"line":249,"column":24},"end":{"line":251,"column":6}},"loc":{"start":{"line":249,"column":24},"end":{"line":251,"column":6}},"line":249},"10":{"name":"trackEvent","decl":{"start":{"line":253,"column":23},"end":{"line":283,"column":6}},"loc":{"start":{"line":253,"column":23},"end":{"line":283,"column":6}},"line":253}},"f":{"0":11,"1":0,"2":0,"3":2,"4":1,"5":1,"6":1,"7":1,"8":1,"9":1,"10":1}}
,"E:\\2025\\work\\analytics-debugger\\ga4mp\\src\\modules\\clientHints.ts": {"path":"E:\\2025\\work\\analytics-debugger\\ga4mp\\src\\modules\\clientHints.ts","all":true,"statementMap":{"55":{"start":{"line":56,"column":0},"end":{"line":56,"column":84}},"57":{"start":{"line":58,"column":0},"end":{"line":58,"column":122}},"58":{"start":{"line":59,"column":0},"end":{"line":59,"column":37}},"59":{"start":{"line":60,"column":0},"end":{"line":60,"column":5}},"62":{"start":{"line":63,"column":0},"end":{"line":63,"column":58}},"63":{"start":{"line":64,"column":0},"end":{"line":64,"column":37}},"64":{"start":{"line":65,"column":0},"end":{"line":65,"column":5}},"67":{"start":{"line":68,"column":0},"end":{"line":68,"column":34}},"68":{"start":{"line":69,"column":0},"end":{"line":69,"column":31}},"69":{"start":{"line":70,"column":0},"end":{"line":70,"column":23}},"70":{"start":{"line":71,"column":0},"end":{"line":71,"column":30}},"71":{"start":{"line":72,"column":0},"end":{"line":72,"column":27}},"72":{"start":{"line":73,"column":0},"end":{"line":73,"column":20}},"73":{"start":{"line":74,"column":0},"end":{"line":74,"column":28}},"74":{"start":{"line":75,"column":0},"end":{"line":75,"column":22}},"75":{"start":{"line":76,"column":0},"end":{"line":76,"column":30}},"76":{"start":{"line":77,"column":0},"end":{"line":77,"column":20}},"77":{"start":{"line":78,"column":0},"end":{"line":78,"column":10}},"78":{"start":{"line":79,"column":0},"end":{"line":79,"column":37}},"79":{"start":{"line":80,"column":0},"end":{"line":80,"column":92}},"81":{"start":{"line":82,"column":0},"end":{"line":82,"column":20}},"82":{"start":{"line":83,"column":0},"end":{"line":83,"column":57}},"83":{"start":{"line":84,"column":0},"end":{"line":84,"column":47}},"84":{"start":{"line":85,"column":0},"end":{"line":85,"column":66}},"85":{"start":{"line":86,"column":0},"end":{"line":86,"column":31}},"86":{"start":{"line":87,"column":0},"end":{"line":87,"column":62}},"87":{"start":{"line":88,"column":0},"end":{"line":88,"column":34}},"88":{"start":{"line":89,"column":0},"end":{"line":89,"column":18}},"89":{"start":{"line":90,"column":0},"end":{"line":90,"column":53}},"90":{"start":{"line":91,"column":0},"end":{"line":91,"column":79}},"91":{"start":{"line":92,"column":0},"end":{"line":92,"column":87}},"92":{"start":{"line":93,"column":0},"end":{"line":93,"column":64}},"93":{"start":{"line":94,"column":0},"end":{"line":94,"column":51}},"94":{"start":{"line":95,"column":0},"end":{"line":95,"column":14}},"95":{"start":{"line":96,"column":0},"end":{"line":96,"column":10}},"96":{"start":{"line":97,"column":0},"end":{"line":97,"column":27}},"97":{"start":{"line":98,"column":0},"end":{"line":98,"column":64}},"98":{"start":{"line":99,"column":0},"end":{"line":99,"column":24}},"99":{"start":{"line":100,"column":0},"end":{"line":100,"column":11}},"100":{"start":{"line":101,"column":0},"end":{"line":101,"column":2}},"102":{"start":{"line":103,"column":0},"end":{"line":103,"column":27}}},"s":{"55":0,"57":0,"58":0,"59":0,"62":0,"63":0,"64":0,"67":0,"68":0,"69":0,"70":0,"71":0,"72":0,"73":0,"74":0,"75":0,"76":0,"77":0,"78":0,"79":0,"81":0,"82":0,"83":0,"84":0,"85":0,"86":0,"87":0,"88":0,"89":0,"90":0,"91":0,"92":0,"93":0,"94":0,"95":0,"96":0,"97":0,"98":0,"99":0,"100":0,"102":0},"branchMap":{"0":{"type":"branch","line":1,"loc":{"start":{"line":1,"column":3321},"end":{"line":103,"column":27}},"locations":[{"start":{"line":1,"column":3321},"end":{"line":103,"column":27}}]}},"b":{"0":[1]},"fnMap":{"0":{"name":"(empty-report)","decl":{"start":{"line":1,"column":3321},"end":{"line":103,"column":27}},"loc":{"start":{"line":1,"column":3321},"end":{"line":103,"column":27}},"line":1}},"f":{"0":1}}
,"E:\\2025\\work\\analytics-debugger\\ga4mp\\src\\modules\\ga4Schema.ts": {"path":"E:\\2025\\work\\analytics-debugger\\ga4mp\\src\\modules\\ga4Schema.ts","all":false,"statementMap":{"4":{"start":{"line":5,"column":0},"end":{"line":5,"column":50}},"5":{"start":{"line":6,"column":0},"end":{"line":6,"column":14}},"6":{"start":{"line":7,"column":0},"end":{"line":7,"column":21}},"7":{"start":{"line":8,"column":0},"end":{"line":8,"column":26}},"8":{"start":{"line":9,"column":0},"end":{"line":9,"column":19}},"9":{"start":{"line":10,"column":0},"end":{"line":10,"column":22}},"10":{"start":{"line":11,"column":0},"end":{"line":11,"column":23}},"11":{"start":{"line":12,"column":0},"end":{"line":12,"column":20}},"12":{"start":{"line":13,"column":0},"end":{"line":13,"column":19}},"13":{"start":{"line":14,"column":0},"end":{"line":14,"column":21}},"14":{"start":{"line":15,"column":0},"end":{"line":15,"column":24}},"15":{"start":{"line":16,"column":0},"end":{"line":16,"column":19}},"16":{"start":{"line":17,"column":0},"end":{"line":17,"column":24}},"17":{"start":{"line":18,"column":0},"end":{"line":18,"column":23}},"18":{"start":{"line":19,"column":0},"end":{"line":19,"column":26}},"19":{"start":{"line":20,"column":0},"end":{"line":20,"column":28}},"20":{"start":{"line":21,"column":0},"end":{"line":21,"column":39}},"21":{"start":{"line":22,"column":0},"end":{"line":22,"column":31}},"22":{"start":{"line":23,"column":0},"end":{"line":23,"column":28}},"23":{"start":{"line":24,"column":0},"end":{"line":24,"column":34}},"24":{"start":{"line":25,"column":0},"end":{"line":25,"column":29}},"25":{"start":{"line":26,"column":0},"end":{"line":26,"column":36}},"26":{"start":{"line":27,"column":0},"end":{"line":27,"column":31}},"27":{"start":{"line":28,"column":0},"end":{"line":28,"column":43}},"28":{"start":{"line":29,"column":0},"end":{"line":29,"column":31}},"29":{"start":{"line":30,"column":0},"end":{"line":30,"column":29}},"30":{"start":{"line":31,"column":0},"end":{"line":31,"column":32}},"31":{"start":{"line":32,"column":0},"end":{"line":32,"column":41}},"32":{"start":{"line":33,"column":0},"end":{"line":33,"column":28}},"33":{"start":{"line":34,"column":0},"end":{"line":34,"column":29}},"34":{"start":{"line":35,"column":0},"end":{"line":35,"column":21}},"35":{"start":{"line":36,"column":0},"end":{"line":36,"column":22}},"36":{"start":{"line":37,"column":0},"end":{"line":37,"column":26}},"37":{"start":{"line":38,"column":0},"end":{"line":38,"column":27}},"38":{"start":{"line":39,"column":0},"end":{"line":39,"column":24}},"39":{"start":{"line":40,"column":0},"end":{"line":40,"column":21}},"40":{"start":{"line":41,"column":0},"end":{"line":41,"column":19}},"41":{"start":{"line":42,"column":0},"end":{"line":42,"column":27}},"42":{"start":{"line":43,"column":0},"end":{"line":43,"column":22}},"43":{"start":{"line":44,"column":0},"end":{"line":44,"column":26}},"44":{"start":{"line":45,"column":0},"end":{"line":45,"column":24}},"45":{"start":{"line":46,"column":0},"end":{"line":46,"column":26}},"46":{"start":{"line":47,"column":0},"end":{"line":47,"column":24}},"47":{"start":{"line":48,"column":0},"end":{"line":48,"column":32}},"48":{"start":{"line":49,"column":0},"end":{"line":49,"column":38}},"49":{"start":{"line":50,"column":0},"end":{"line":50,"column":26}},"50":{"start":{"line":51,"column":0},"end":{"line":51,"column":27}},"51":{"start":{"line":52,"column":0},"end":{"line":52,"column":28}},"52":{"start":{"line":53,"column":0},"end":{"line":53,"column":24}},"53":{"start":{"line":54,"column":0},"end":{"line":54,"column":30}},"54":{"start":{"line":55,"column":0},"end":{"line":55,"column":33}},"55":{"start":{"line":56,"column":0},"end":{"line":56,"column":30}},"56":{"start":{"line":57,"column":0},"end":{"line":57,"column":29}},"57":{"start":{"line":58,"column":0},"end":{"line":58,"column":28}},"58":{"start":{"line":59,"column":0},"end":{"line":59,"column":32}},"59":{"start":{"line":60,"column":0},"end":{"line":60,"column":33}},"60":{"start":{"line":61,"column":0},"end":{"line":61,"column":36}},"61":{"start":{"line":62,"column":0},"end":{"line":62,"column":28}},"62":{"start":{"line":63,"column":0},"end":{"line":63,"column":24}},"63":{"start":{"line":64,"column":0},"end":{"line":64,"column":25}},"64":{"start":{"line":65,"column":0},"end":{"line":65,"column":28}},"65":{"start":{"line":66,"column":0},"end":{"line":66,"column":24}},"66":{"start":{"line":67,"column":0},"end":{"line":67,"column":28}},"67":{"start":{"line":68,"column":0},"end":{"line":68,"column":18}},"68":{"start":{"line":69,"column":0},"end":{"line":69,"column":20}},"69":{"start":{"line":70,"column":0},"end":{"line":70,"column":21}},"70":{"start":{"line":71,"column":0},"end":{"line":71,"column":24}},"71":{"start":{"line":72,"column":0},"end":{"line":72,"column":25}},"72":{"start":{"line":73,"column":0},"end":{"line":73,"column":25}},"73":{"start":{"line":74,"column":0},"end":{"line":74,"column":25}},"74":{"start":{"line":75,"column":0},"end":{"line":75,"column":25}},"75":{"start":{"line":76,"column":0},"end":{"line":76,"column":23}},"76":{"start":{"line":77,"column":0},"end":{"line":77,"column":16}},"77":{"start":{"line":78,"column":0},"end":{"line":78,"column":19}},"78":{"start":{"line":79,"column":0},"end":{"line":79,"column":17}},"79":{"start":{"line":80,"column":0},"end":{"line":80,"column":25}},"80":{"start":{"line":81,"column":0},"end":{"line":81,"column":16}},"81":{"start":{"line":82,"column":0},"end":{"line":82,"column":23}},"82":{"start":{"line":83,"column":0},"end":{"line":83,"column":19}},"83":{"start":{"line":84,"column":0},"end":{"line":84,"column":22}},"84":{"start":{"line":85,"column":0},"end":{"line":85,"column":23}},"85":{"start":{"line":86,"column":0},"end":{"line":86,"column":25}},"86":{"start":{"line":87,"column":0},"end":{"line":87,"column":24}},"87":{"start":{"line":88,"column":0},"end":{"line":88,"column":24}},"88":{"start":{"line":89,"column":0},"end":{"line":89,"column":22}},"90":{"start":{"line":91,"column":0},"end":{"line":91,"column":13}},"91":{"start":{"line":92,"column":0},"end":{"line":92,"column":15}},"92":{"start":{"line":93,"column":0},"end":{"line":93,"column":16}},"93":{"start":{"line":94,"column":0},"end":{"line":94,"column":18}},"94":{"start":{"line":95,"column":0},"end":{"line":95,"column":20}},"95":{"start":{"line":96,"column":0},"end":{"line":96,"column":24}},"96":{"start":{"line":97,"column":0},"end":{"line":97,"column":15}},"97":{"start":{"line":98,"column":0},"end":{"line":98,"column":19}},"98":{"start":{"line":99,"column":0},"end":{"line":99,"column":18}},"99":{"start":{"line":100,"column":0},"end":{"line":100,"column":11}},"104":{"start":{"line":105,"column":0},"end":{"line":105,"column":51}},"105":{"start":{"line":106,"column":0},"end":{"line":106,"column":23}},"106":{"start":{"line":107,"column":0},"end":{"line":107,"column":24}},"107":{"start":{"line":108,"column":0},"end":{"line":108,"column":18}},"108":{"start":{"line":109,"column":0},"end":{"line":109,"column":23}},"109":{"start":{"line":110,"column":0},"end":{"line":110,"column":16}},"110":{"start":{"line":111,"column":0},"end":{"line":111,"column":21}},"111":{"start":{"line":112,"column":0},"end":{"line":112,"column":18}},"112":{"start":{"line":113,"column":0},"end":{"line":113,"column":21}},"113":{"start":{"line":114,"column":0},"end":{"line":114,"column":23}},"114":{"start":{"line":115,"column":0},"end":{"line":115,"column":21}},"115":{"start":{"line":116,"column":0},"end":{"line":116,"column":15}},"116":{"start":{"line":117,"column":0},"end":{"line":117,"column":13}},"117":{"start":{"line":118,"column":0},"end":{"line":118,"column":16}},"118":{"start":{"line":119,"column":0},"end":{"line":119,"column":21}},"119":{"start":{"line":120,"column":0},"end":{"line":120,"column":11}},"134":{"start":{"line":135,"column":0},"end":{"line":135,"column":113}},"135":{"start":{"line":136,"column":0},"end":{"line":136,"column":21}},"136":{"start":{"line":137,"column":0},"end":{"line":137,"column":15}},"137":{"start":{"line":138,"column":0},"end":{"line":138,"column":33}}},"s":{"4":1,"5":1,"6":1,"7":1,"8":1,"9":1,"10":1,"11":1,"12":1,"13":1,"14":1,"15":1,"16":1,"17":1,"18":1,"19":1,"20":1,"21":1,"22":1,"23":1,"24":1,"25":1,"26":1,"27":1,"28":1,"29":1,"30":1,"31":1,"32":1,"33":1,"34":1,"35":1,"36":1,"37":1,"38":1,"39":1,"40":1,"41":1,"42":1,"43":1,"44":1,"45":1,"46":1,"47":1,"48":1,"49":1,"50":1,"51":1,"52":1,"53":1,"54":1,"55":1,"56":1,"57":1,"58":1,"59":1,"60":1,"61":1,"62":1,"63":1,"64":1,"65":1,"66":1,"67":1,"68":1,"69":1,"70":1,"71":1,"72":1,"73":1,"74":1,"75":1,"76":1,"77":1,"78":1,"79":1,"80":1,"81":1,"82":1,"83":1,"84":1,"85":1,"86":1,"87":1,"88":1,"90":1,"91":1,"92":1,"93":1,"94":1,"95":1,"96":1,"97":1,"98":1,"99":1,"104":1,"105":1,"106":1,"107":1,"108":1,"109":1,"110":1,"111":1,"112":1,"113":1,"114":1,"115":1,"116":1,"117":1,"118":1,"119":1,"134":1,"135":93,"136":93,"137":1},"branchMap":{"0":{"type":"branch","line":135,"loc":{"start":{"line":135,"column":89},"end":{"line":138,"column":3}},"locations":[{"start":{"line":135,"column":89},"end":{"line":138,"column":3}}]}},"b":{"0":[93]},"fnMap":{},"f":{}}
,"E:\\2025\\work\\analytics-debugger\\ga4mp\\src\\modules\\helpers.test.ts": {"path":"E:\\2025\\work\\analytics-debugger\\ga4mp\\src\\modules\\helpers.test.ts","all":false,"statementMap":{"0":{"start":{"line":1,"column":0},"end":{"line":1,"column":46}},"1":{"start":{"line":2,"column":0},"end":{"line":2,"column":70}},"3":{"start":{"line":4,"column":0},"end":{"line":4,"column":27}},"4":{"start":{"line":5,"column":0},"end":{"line":5,"column":26}},"5":{"start":{"line":6,"column":0},"end":{"line":6,"column":56}},"6":{"start":{"line":7,"column":0},"end":{"line":7,"column":51}},"7":{"start":{"line":8,"column":0},"end":{"line":8,"column":7}},"9":{"start":{"line":10,"column":0},"end":{"line":10,"column":74}},"10":{"start":{"line":11,"column":0},"end":{"line":11,"column":46}},"11":{"start":{"line":12,"column":0},"end":{"line":12,"column":7}},"13":{"start":{"line":14,"column":0},"end":{"line":14,"column":55}},"14":{"start":{"line":15,"column":0},"end":{"line":15,"column":45}},"15":{"start":{"line":16,"column":0},"end":{"line":16,"column":7}},"16":{"start":{"line":17,"column":0},"end":{"line":17,"column":5}},"18":{"start":{"line":19,"column":0},"end":{"line":19,"column":30}},"19":{"start":{"line":20,"column":0},"end":{"line":20,"column":48}},"20":{"start":{"line":21,"column":0},"end":{"line":21,"column":39}},"21":{"start":{"line":22,"column":0},"end":{"line":22,"column":37}},"22":{"start":{"line":23,"column":0},"end":{"line":23,"column":40}},"23":{"start":{"line":24,"column":0},"end":{"line":24,"column":7}},"25":{"start":{"line":26,"column":0},"end":{"line":26,"column":56}},"26":{"start":{"line":27,"column":0},"end":{"line":27,"column":41}},"27":{"start":{"line":28,"column":0},"end":{"line":28,"column":39}},"28":{"start":{"line":29,"column":0},"end":{"line":29,"column":42}},"29":{"start":{"line":30,"column":0},"end":{"line":30,"column":7}},"31":{"start":{"line":32,"column":0},"end":{"line":32,"column":60}},"32":{"start":{"line":33,"column":0},"end":{"line":33,"column":44}},"33":{"start":{"line":34,"column":0},"end":{"line":34,"column":41}},"34":{"start":{"line":35,"column":0},"end":{"line":35,"column":46}},"35":{"start":{"line":36,"column":0},"end":{"line":36,"column":39}},"36":{"start":{"line":37,"column":0},"end":{"line":37,"column":7}},"37":{"start":{"line":38,"column":0},"end":{"line":38,"column":5}},"39":{"start":{"line":40,"column":0},"end":{"line":40,"column":32}},"40":{"start":{"line":41,"column":0},"end":{"line":41,"column":50}},"41":{"start":{"line":42,"column":0},"end":{"line":42,"column":46}},"42":{"start":{"line":43,"column":0},"end":{"line":43,"column":51}},"43":{"start":{"line":44,"column":0},"end":{"line":44,"column":7}},"45":{"start":{"line":46,"column":0},"end":{"line":46,"column":55}},"46":{"start":{"line":47,"column":0},"end":{"line":47,"column":46}},"47":{"start":{"line":48,"column":0},"end":{"line":48,"column":42}},"48":{"start":{"line":49,"column":0},"end":{"line":49,"column":41}},"49":{"start":{"line":50,"column":0},"end":{"line":50,"column":7}},"50":{"start":{"line":51,"column":0},"end":{"line":51,"column":5}},"52":{"start":{"line":53,"column":0},"end":{"line":53,"column":35}},"53":{"start":{"line":54,"column":0},"end":{"line":54,"column":63}},"54":{"start":{"line":55,"column":0},"end":{"line":55,"column":47}},"55":{"start":{"line":56,"column":0},"end":{"line":56,"column":52}},"56":{"start":{"line":57,"column":0},"end":{"line":57,"column":7}},"58":{"start":{"line":59,"column":0},"end":{"line":59,"column":48}},"59":{"start":{"line":60,"column":0},"end":{"line":60,"column":60}},"60":{"start":{"line":61,"column":0},"end":{"line":61,"column":47}},"61":{"start":{"line":62,"column":0},"end":{"line":62,"column":51}},"62":{"start":{"line":63,"column":0},"end":{"line":63,"column":7}},"64":{"start":{"line":65,"column":0},"end":{"line":65,"column":60}},"65":{"start":{"line":66,"column":0},"end":{"line":66,"column":35}},"66":{"start":{"line":67,"column":0},"end":{"line":67,"column":45}},"67":{"start":{"line":68,"column":0},"end":{"line":68,"column":45}},"68":{"start":{"line":69,"column":0},"end":{"line":69,"column":7}},"70":{"start":{"line":71,"column":0},"end":{"line":71,"column":58}},"71":{"start":{"line":72,"column":0},"end":{"line":72,"column":97}},"72":{"start":{"line":73,"column":0},"end":{"line":73,"column":111}},"73":{"start":{"line":74,"column":0},"end":{"line":74,"column":7}},"74":{"start":{"line":75,"column":0},"end":{"line":75,"column":5}},"75":{"start":{"line":76,"column":0},"end":{"line":76,"column":3}}},"s":{"0":1,"1":1,"3":1,"4":1,"5":1,"6":1,"7":1,"9":1,"10":1,"11":1,"13":1,"14":1,"15":1,"16":1,"18":1,"19":1,"20":1,"21":1,"22":1,"23":1,"25":1,"26":1,"27":1,"28":1,"29":1,"31":1,"32":1,"33":1,"34":1,"35":1,"36":1,"37":1,"39":1,"40":1,"41":1,"42":1,"43":1,"45":1,"46":1,"47":1,"48":1,"49":1,"50":1,"52":1,"53":1,"54":1,"55":1,"56":1,"58":1,"59":1,"60":1,"61":1,"62":1,"64":1,"65":1,"66":1,"67":1,"68":1,"70":1,"71":1,"72":1,"73":1,"74":1,"75":1},"branchMap":{"0":{"type":"branch","line":4,"loc":{"start":{"line":4,"column":20},"end":{"line":76,"column":3}},"locations":[{"start":{"line":4,"column":20},"end":{"line":76,"column":3}}]},"1":{"type":"branch","line":5,"loc":{"start":{"line":5,"column":19},"end":{"line":17,"column":3}},"locations":[{"start":{"line":5,"column":19},"end":{"line":17,"column":3}}]},"2":{"type":"branch","line":6,"loc":{"start":{"line":6,"column":49},"end":{"line":8,"column":5}},"locations":[{"start":{"line":6,"column":49},"end":{"line":8,"column":5}}]},"3":{"type":"branch","line":10,"loc":{"start":{"line":10,"column":67},"end":{"line":12,"column":5}},"locations":[{"start":{"line":10,"column":67},"end":{"line":12,"column":5}}]},"4":{"type":"branch","line":14,"loc":{"start":{"line":14,"column":48},"end":{"line":16,"column":5}},"locations":[{"start":{"line":14,"column":48},"end":{"line":16,"column":5}}]},"5":{"type":"branch","line":19,"loc":{"start":{"line":19,"column":23},"end":{"line":38,"column":3}},"locations":[{"start":{"line":19,"column":23},"end":{"line":38,"column":3}}]},"6":{"type":"branch","line":20,"loc":{"start":{"line":20,"column":41},"end":{"line":24,"column":5}},"locations":[{"start":{"line":20,"column":41},"end":{"line":24,"column":5}}]},"7":{"type":"branch","line":26,"loc":{"start":{"line":26,"column":49},"end":{"line":30,"column":5}},"locations":[{"start":{"line":26,"column":49},"end":{"line":30,"column":5}}]},"8":{"type":"branch","line":32,"loc":{"start":{"line":32,"column":53},"end":{"line":37,"column":5}},"locations":[{"start":{"line":32,"column":53},"end":{"line":37,"column":5}}]},"9":{"type":"branch","line":40,"loc":{"start":{"line":40,"column":25},"end":{"line":51,"column":3}},"locations":[{"start":{"line":40,"column":25},"end":{"line":51,"column":3}}]},"10":{"type":"branch","line":41,"loc":{"start":{"line":41,"column":43},"end":{"line":44,"column":5}},"locations":[{"start":{"line":41,"column":43},"end":{"line":44,"column":5}}]},"11":{"type":"branch","line":46,"loc":{"start":{"line":46,"column":48},"end":{"line":50,"column":5}},"locations":[{"start":{"line":46,"column":48},"end":{"line":50,"column":5}}]},"12":{"type":"branch","line":53,"loc":{"start":{"line":53,"column":28},"end":{"line":75,"column":3}},"locations":[{"start":{"line":53,"column":28},"end":{"line":75,"column":3}}]},"13":{"type":"branch","line":54,"loc":{"start":{"line":54,"column":56},"end":{"line":57,"column":5}},"locations":[{"start":{"line":54,"column":56},"end":{"line":57,"column":5}}]},"14":{"type":"branch","line":59,"loc":{"start":{"line":59,"column":41},"end":{"line":63,"column":5}},"locations":[{"start":{"line":59,"column":41},"end":{"line":63,"column":5}}]},"15":{"type":"branch","line":65,"loc":{"start":{"line":65,"column":53},"end":{"line":69,"column":5}},"locations":[{"start":{"line":65,"column":53},"end":{"line":69,"column":5}}]},"16":{"type":"branch","line":71,"loc":{"start":{"line":71,"column":51},"end":{"line":74,"column":5}},"locations":[{"start":{"line":71,"column":51},"end":{"line":74,"column":5}}]},"17":{"type":"branch","line":72,"loc":{"start":{"line":72,"column":13},"end":{"line":72,"column":44}},"locations":[{"start":{"line":72,"column":13},"end":{"line":72,"column":44}}]},"18":{"type":"branch","line":73,"loc":{"start":{"line":73,"column":13},"end":{"line":73,"column":58}},"locations":[{"start":{"line":73,"column":13},"end":{"line":73,"column":58}}]}},"b":{"0":[1],"1":[1],"2":[1],"3":[1],"4":[1],"5":[1],"6":[1],"7":[1],"8":[1],"9":[1],"10":[1],"11":[1],"12":[1],"13":[1],"14":[1],"15":[1],"16":[1],"17":[1],"18":[1]},"fnMap":{},"f":{}}
,"E:\\2025\\work\\analytics-debugger\\ga4mp\\src\\modules\\helpers.ts": {"path":"E:\\2025\\work\\analytics-debugger\\ga4mp\\src\\modules\\helpers.ts","all":false,"statementMap":{"6":{"start":{"line":7,"column":0},"end":{"line":7,"column":67}},"7":{"start":{"line":8,"column":0},"end":{"line":8,"column":34}},"8":{"start":{"line":9,"column":0},"end":{"line":9,"column":26}},"9":{"start":{"line":10,"column":0},"end":{"line":10,"column":3}},"10":{"start":{"line":11,"column":0},"end":{"line":11,"column":74}},"11":{"start":{"line":12,"column":0},"end":{"line":12,"column":2}},"18":{"start":{"line":19,"column":0},"end":{"line":19,"column":71}},"19":{"start":{"line":20,"column":0},"end":{"line":20,"column":45}},"20":{"start":{"line":21,"column":0},"end":{"line":21,"column":34}},"21":{"start":{"line":22,"column":0},"end":{"line":22,"column":62}},"22":{"start":{"line":23,"column":0},"end":{"line":23,"column":3}},"23":{"start":{"line":24,"column":0},"end":{"line":24,"column":15}},"24":{"start":{"line":25,"column":0},"end":{"line":25,"column":2}},"31":{"start":{"line":32,"column":0},"end":{"line":32,"column":66}},"32":{"start":{"line":33,"column":0},"end":{"line":33,"column":37}},"33":{"start":{"line":34,"column":0},"end":{"line":34,"column":2}},"39":{"start":{"line":40,"column":0},"end":{"line":40,"column":64}},"40":{"start":{"line":41,"column":0},"end":{"line":41,"column":73}},"41":{"start":{"line":42,"column":0},"end":{"line":42,"column":21}},"42":{"start":{"line":43,"column":0},"end":{"line":43,"column":3}},"43":{"start":{"line":44,"column":0},"end":{"line":44,"column":84}},"44":{"start":{"line":45,"column":0},"end":{"line":45,"column":18}},"45":{"start":{"line":46,"column":0},"end":{"line":46,"column":3}},"46":{"start":{"line":47,"column":0},"end":{"line":47,"column":14}},"47":{"start":{"line":48,"column":0},"end":{"line":48,"column":2}},"53":{"start":{"line":54,"column":0},"end":{"line":54,"column":40}},"54":{"start":{"line":55,"column":0},"end":{"line":55,"column":48}},"55":{"start":{"line":56,"column":0},"end":{"line":56,"column":2}},"61":{"start":{"line":62,"column":0},"end":{"line":62,"column":49}},"62":{"start":{"line":63,"column":0},"end":{"line":63,"column":39}},"63":{"start":{"line":64,"column":0},"end":{"line":64,"column":2}},"71":{"start":{"line":72,"column":0},"end":{"line":72,"column":77}},"72":{"start":{"line":73,"column":0},"end":{"line":73,"column":46}},"73":{"start":{"line":74,"column":0},"end":{"line":74,"column":14}},"74":{"start":{"line":75,"column":0},"end":{"line":75,"column":3}},"77":{"start":{"line":78,"column":0},"end":{"line":78,"column":55}},"78":{"start":{"line":79,"column":0},"end":{"line":79,"column":63}},"79":{"start":{"line":80,"column":0},"end":{"line":80,"column":3}},"82":{"start":{"line":83,"column":0},"end":{"line":83,"column":21}},"84":{"start":{"line":85,"column":0},"end":{"line":85,"column":7}},"85":{"start":{"line":86,"column":0},"end":{"line":86,"column":36}},"86":{"start":{"line":87,"column":0},"end":{"line":87,"column":37}},"87":{"start":{"line":88,"column":0},"end":{"line":88,"column":73}},"88":{"start":{"line":89,"column":0},"end":{"line":89,"column":29}},"89":{"start":{"line":90,"column":0},"end":{"line":90,"column":43}},"90":{"start":{"line":91,"column":0},"end":{"line":91,"column":21}},"91":{"start":{"line":92,"column":0},"end":{"line":92,"column":12}},"93":{"start":{"line":94,"column":0},"end":{"line":94,"column":29}},"94":{"start":{"line":95,"column":0},"end":{"line":95,"column":5}},"95":{"start":{"line":96,"column":0},"end":{"line":96,"column":19}},"96":{"start":{"line":97,"column":0},"end":{"line":97,"column":120}},"97":{"start":{"line":98,"column":0},"end":{"line":98,"column":37}},"98":{"start":{"line":99,"column":0},"end":{"line":99,"column":3}},"100":{"start":{"line":101,"column":0},"end":{"line":101,"column":33}},"101":{"start":{"line":102,"column":0},"end":{"line":102,"column":2}}},"s":{"6":1,"7":13,"8":1,"9":1,"10":13,"11":13,"18":1,"19":10,"20":10,"21":4,"22":4,"23":3,"24":3,"31":1,"32":6,"33":6,"39":1,"40":9,"41":0,"42":0,"43":9,"44":9,"45":9,"46":0,"47":0,"53":1,"54":8,"55":8,"61":1,"62":17,"63":17,"71":1,"72":13,"73":2,"74":2,"77":13,"78":2,"79":2,"82":9,"84":9,"85":13,"86":1,"87":13,"88":2,"89":8,"90":6,"91":6,"93":0,"94":0,"95":13,"96":0,"97":0,"98":0,"100":9,"101":9},"branchMap":{"0":{"type":"branch","line":7,"loc":{"start":{"line":7,"column":20},"end":{"line":12,"column":2}},"locations":[{"start":{"line":7,"column":20},"end":{"line":12,"column":2}}]},"1":{"type":"branch","line":8,"loc":{"start":{"line":8,"column":33},"end":{"line":10,"column":3}},"locations":[{"start":{"line":8,"column":33},"end":{"line":10,"column":3}}]},"2":{"type":"branch","line":11,"loc":{"start":{"line":11,"column":24},"end":{"line":11,"column":68}},"locations":[{"start":{"line":11,"column":24},"end":{"line":11,"column":68}}]},"3":{"type":"branch","line":11,"loc":{"start":{"line":11,"column":64},"end":{"line":11,"column":74}},"locations":[{"start":{"line":11,"column":64},"end":{"line":11,"column":74}}]},"4":{"type":"branch","line":19,"loc":{"start":{"line":19,"column":24},"end":{"line":25,"column":2}},"locations":[{"start":{"line":19,"column":24},"end":{"line":25,"column":2}}]},"5":{"type":"branch","line":20,"loc":{"start":{"line":20,"column":33},"end":{"line":20,"column":45}},"locations":[{"start":{"line":20,"column":33},"end":{"line":20,"column":45}}]},"6":{"type":"branch","line":20,"loc":{"start":{"line":20,"column":40},"end":{"line":21,"column":33}},"locations":[{"start":{"line":20,"column":40},"end":{"line":21,"column":33}}]},"7":{"type":"branch","line":21,"loc":{"start":{"line":21,"column":33},"end":{"line":23,"column":3}},"locations":[{"start":{"line":21,"column":33},"end":{"line":23,"column":3}}]},"8":{"type":"branch","line":22,"loc":{"start":{"line":22,"column":31},"end":{"line":22,"column":62}},"locations":[{"start":{"line":22,"column":31},"end":{"line":22,"column":62}}]},"9":{"type":"branch","line":23,"loc":{"start":{"line":23,"column":2},"end":{"line":25,"column":2}},"locations":[{"start":{"line":23,"column":2},"end":{"line":25,"column":2}}]},"10":{"type":"branch","line":32,"loc":{"start":{"line":32,"column":26},"end":{"line":34,"column":2}},"locations":[{"start":{"line":32,"column":26},"end":{"line":34,"column":2}}]},"11":{"type":"branch","line":40,"loc":{"start":{"line":40,"column":30},"end":{"line":48,"column":2}},"locations":[{"start":{"line":40,"column":30},"end":{"line":48,"column":2}}]},"12":{"type":"branch","line":41,"loc":{"start":{"line":41,"column":24},"end":{"line":41,"column":72}},"locations":[{"start":{"line":41,"column":24},"end":{"line":41,"column":72}}]},"13":{"type":"branch","line":41,"loc":{"start":{"line":41,"column":72},"end":{"line":43,"column":3}},"locations":[{"start":{"line":41,"column":72},"end":{"line":43,"column":3}}]},"14":{"type":"branch","line":46,"loc":{"start":{"line":46,"column":2},"end":{"line":48,"column":2}},"locations":[{"start":{"line":46,"column":2},"end":{"line":48,"column":2}}]},"15":{"type":"branch","line":54,"loc":{"start":{"line":54,"column":25},"end":{"line":56,"column":2}},"locations":[{"start":{"line":54,"column":25},"end":{"line":56,"column":2}}]},"16":{"type":"branch","line":62,"loc":{"start":{"line":62,"column":34},"end":{"line":64,"column":2}},"locations":[{"start":{"line":62,"column":34},"end":{"line":64,"column":2}}]},"17":{"type":"branch","line":72,"loc":{"start":{"line":72,"column":29},"end":{"line":102,"column":2}},"locations":[{"start":{"line":72,"column":29},"end":{"line":102,"column":2}}]},"18":{"type":"branch","line":73,"loc":{"start":{"line":73,"column":16},"end":{"line":73,"column":45}},"locations":[{"start":{"line":73,"column":16},"end":{"line":73,"column":45}}]},"19":{"type":"branch","line":73,"loc":{"start":{"line":73,"column":45},"end":{"line":75,"column":3}},"locations":[{"start":{"line":73,"column":45},"end":{"line":75,"column":3}}]},"20":{"type":"branch","line":75,"loc":{"start":{"line":75,"column":2},"end":{"line":78,"column":39}},"locations":[{"start":{"line":75,"column":2},"end":{"line":78,"column":39}}]},"21":{"type":"branch","line":78,"loc":{"start":{"line":78,"column":27},"end":{"line":78,"column":54}},"locations":[{"start":{"line":78,"column":27},"end":{"line":78,"column":54}}]},"22":{"type":"branch","line":78,"loc":{"start":{"line":78,"column":54},"end":{"line":80,"column":3}},"locations":[{"start":{"line":78,"column":54},"end":{"line":80,"column":3}}]},"23":{"type":"branch","line":80,"loc":{"start":{"line":80,"column":2},"end":{"line":86,"column":35}},"locations":[{"start":{"line":80,"column":2},"end":{"line":86,"column":35}}]},"24":{"type":"branch","line":86,"loc":{"start":{"line":86,"column":35},"end":{"line":88,"column":15}},"locations":[{"start":{"line":86,"column":35},"end":{"line":88,"column":15}}]},"25":{"type":"branch","line":88,"loc":{"start":{"line":88,"column":4},"end":{"line":95,"column":5}},"locations":[{"start":{"line":88,"column":4},"end":{"line":95,"column":5}}]},"26":{"type":"branch","line":88,"loc":{"start":{"line":88,"column":32},"end":{"line":88,"column":72}},"locations":[{"start":{"line":88,"column":32},"end":{"line":88,"column":72}}]},"27":{"type":"branch","line":88,"loc":{"start":{"line":88,"column":72},"end":{"line":90,"column":15}},"locations":[{"start":{"line":88,"column":72},"end":{"line":90,"column":15}}]},"28":{"type":"branch","line":90,"loc":{"start":{"line":90,"column":4},"end":{"line":95,"column":5}},"locations":[{"start":{"line":90,"column":4},"end":{"line":95,"column":5}}]},"29":{"type":"branch","line":92,"loc":{"start":{"line":92,"column":4},"end":{"line":95,"column":5}},"locations":[{"start":{"line":92,"column":4},"end":{"line":95,"column":5}}]},"30":{"type":"branch","line":96,"loc":{"start":{"line":96,"column":2},"end":{"line":99,"column":3}},"locations":[{"start":{"line":96,"column":2},"end":{"line":99,"column":3}}]},"31":{"type":"branch","line":99,"loc":{"start":{"line":99,"column":2},"end":{"line":102,"column":2}},"locations":[{"start":{"line":99,"column":2},"end":{"line":102,"column":2}}]}},"b":{"0":[13],"1":[1],"2":[4],"3":[9],"4":[10],"5":[3],"6":[7],"7":[4],"8":[3],"9":[3],"10":[6],"11":[9],"12":[0],"13":[0],"14":[0],"15":[8],"16":[17],"17":[13],"18":[12],"19":[2],"20":[11],"21":[10],"22":[2],"23":[9],"24":[1],"25":[8],"26":[7],"27":[2],"28":[6],"29":[0],"30":[0],"31":[9]},"fnMap":{"0":{"name":"trim","decl":{"start":{"line":7,"column":20},"end":{"line":12,"column":2}},"loc":{"start":{"line":7,"column":20},"end":{"line":12,"column":2}},"line":7},"1":{"name":"isNumber","decl":{"start":{"line":19,"column":24},"end":{"line":25,"column":2}},"loc":{"start":{"line":19,"column":24},"end":{"line":25,"column":2}},"line":19},"2":{"name":"isFunction","decl":{"start":{"line":32,"column":26},"end":{"line":34,"column":2}},"loc":{"start":{"line":32,"column":26},"end":{"line":34,"column":2}},"line":32},"3":{"name":"getEnvironment","decl":{"start":{"line":40,"column":30},"end":{"line":48,"column":2}},"loc":{"start":{"line":40,"column":30},"end":{"line":48,"column":2}},"line":40},"4":{"name":"randomInt","decl":{"start":{"line":54,"column":25},"end":{"line":56,"column":2}},"loc":{"start":{"line":54,"column":25},"end":{"line":56,"column":2}},"line":54},"5":{"name":"timestampInSeconds","decl":{"start":{"line":62,"column":34},"end":{"line":64,"column":2}},"loc":{"start":{"line":62,"column":34},"end":{"line":64,"column":2}},"line":62},"6":{"name":"sanitizeValue","decl":{"start":{"line":72,"column":29},"end":{"line":102,"column":2}},"loc":{"start":{"line":72,"column":29},"end":{"line":102,"column":2}},"line":72}},"f":{"0":13,"1":10,"2":6,"3":9,"4":8,"5":17,"6":13}}
,"E:\\2025\\work\\analytics-debugger\\ga4mp\\src\\modules\\pageInfo.ts": {"path":"E:\\2025\\work\\analytics-debugger\\ga4mp\\src\\modules\\pageInfo.ts","all":true,"statementMap":{"13":{"start":{"line":14,"column":0},"end":{"line":14,"column":40}},"15":{"start":{"line":16,"column":0},"end":{"line":16,"column":75}},"16":{"start":{"line":17,"column":0},"end":{"line":17,"column":81}},"17":{"start":{"line":18,"column":0},"end":{"line":18,"column":5}},"19":{"start":{"line":20,"column":0},"end":{"line":20,"column":9}},"20":{"start":{"line":21,"column":0},"end":{"line":21,"column":16}},"21":{"start":{"line":22,"column":0},"end":{"line":22,"column":57}},"22":{"start":{"line":23,"column":0},"end":{"line":23,"column":51}},"23":{"start":{"line":24,"column":0},"end":{"line":24,"column":45}},"24":{"start":{"line":25,"column":0},"end":{"line":25,"column":23}},"25":{"start":{"line":26,"column":0},"end":{"line":26,"column":39}},"26":{"start":{"line":27,"column":0},"end":{"line":27,"column":91}},"27":{"start":{"line":28,"column":0},"end":{"line":28,"column":18}},"28":{"start":{"line":29,"column":0},"end":{"line":29,"column":28}},"29":{"start":{"line":30,"column":0},"end":{"line":30,"column":91}},"30":{"start":{"line":31,"column":0},"end":{"line":31,"column":10}},"31":{"start":{"line":32,"column":0},"end":{"line":32,"column":21}},"32":{"start":{"line":33,"column":0},"end":{"line":33,"column":112}},"34":{"start":{"line":35,"column":0},"end":{"line":35,"column":16}},"35":{"start":{"line":36,"column":0},"end":{"line":36,"column":30}},"36":{"start":{"line":37,"column":0},"end":{"line":37,"column":30}},"37":{"start":{"line":38,"column":0},"end":{"line":38,"column":27}},"38":{"start":{"line":39,"column":0},"end":{"line":39,"column":25}},"39":{"start":{"line":40,"column":0},"end":{"line":40,"column":36}},"40":{"start":{"line":41,"column":0},"end":{"line":41,"column":10}},"41":{"start":{"line":42,"column":0},"end":{"line":42,"column":5}},"42":{"start":{"line":43,"column":0},"end":{"line":43,"column":2}},"44":{"start":{"line":45,"column":0},"end":{"line":45,"column":27}}},"s":{"13":0,"15":0,"16":0,"17":0,"19":0,"20":0,"21":0,"22":0,"23":0,"24":0,"25":0,"26":0,"27":0,"28":0,"29":0,"30":0,"31":0,"32":0,"34":0,"35":0,"36":0,"37":0,"38":0,"39":0,"40":0,"41":0,"42":0,"44":0},"branchMap":{"0":{"type":"branch","line":1,"loc":{"start":{"line":1,"column":1551},"end":{"line":45,"column":27}},"locations":[{"start":{"line":1,"column":1551},"end":{"line":45,"column":27}}]}},"b":{"0":[1]},"fnMap":{"0":{"name":"(empty-report)","decl":{"start":{"line":1,"column":1551},"end":{"line":45,"column":27}},"loc":{"start":{"line":1,"column":1551},"end":{"line":45,"column":27}},"line":1}},"f":{"0":1}}
,"E:\\2025\\work\\analytics-debugger\\ga4mp\\src\\modules\\request.test.ts": {"path":"E:\\2025\\work\\analytics-debugger\\ga4mp\\src\\modules\\request.test.ts","all":false,"statementMap":{"0":{"start":{"line":1,"column":0},"end":{"line":1,"column":62}},"1":{"start":{"line":2,"column":0},"end":{"line":2,"column":40}},"4":{"start":{"line":5,"column":0},"end":{"line":5,"column":23}},"5":{"start":{"line":6,"column":0},"end":{"line":6,"column":20}},"6":{"start":{"line":7,"column":0},"end":{"line":7,"column":21}},"7":{"start":{"line":8,"column":0},"end":{"line":8,"column":9}},"9":{"start":{"line":10,"column":0},"end":{"line":10,"column":31}},"10":{"start":{"line":11,"column":0},"end":{"line":11,"column":20}},"11":{"start":{"line":12,"column":0},"end":{"line":12,"column":23}},"12":{"start":{"line":13,"column":0},"end":{"line":13,"column":5}},"14":{"start":{"line":15,"column":0},"end":{"line":15,"column":36}},"15":{"start":{"line":16,"column":0},"end":{"line":16,"column":44}},"16":{"start":{"line":17,"column":0},"end":{"line":17,"column":81}},"18":{"start":{"line":19,"column":0},"end":{"line":19,"column":48}},"19":{"start":{"line":20,"column":0},"end":{"line":20,"column":54}},"20":{"start":{"line":21,"column":0},"end":{"line":21,"column":60}},"22":{"start":{"line":23,"column":0},"end":{"line":23,"column":50}},"23":{"start":{"line":24,"column":0},"end":{"line":24,"column":96}},"25":{"start":{"line":26,"column":0},"end":{"line":26,"column":31}},"26":{"start":{"line":27,"column":0},"end":{"line":27,"column":7}},"28":{"start":{"line":29,"column":0},"end":{"line":29,"column":53}},"29":{"start":{"line":30,"column":0},"end":{"line":30,"column":81}},"31":{"start":{"line":32,"column":0},"end":{"line":32,"column":93}},"32":{"start":{"line":33,"column":0},"end":{"line":33,"column":80}},"34":{"start":{"line":35,"column":0},"end":{"line":35,"column":48}},"36":{"start":{"line":37,"column":0},"end":{"line":37,"column":31}},"37":{"start":{"line":38,"column":0},"end":{"line":38,"column":7}},"38":{"start":{"line":39,"column":0},"end":{"line":39,"column":5}},"40":{"start":{"line":41,"column":0},"end":{"line":41,"column":34}},"41":{"start":{"line":42,"column":0},"end":{"line":42,"column":54}},"42":{"start":{"line":43,"column":0},"end":{"line":43,"column":59}},"43":{"start":{"line":44,"column":0},"end":{"line":44,"column":51}},"45":{"start":{"line":46,"column":0},"end":{"line":46,"column":79}},"47":{"start":{"line":48,"column":0},"end":{"line":48,"column":92}},"48":{"start":{"line":49,"column":0},"end":{"line":49,"column":7}},"50":{"start":{"line":51,"column":0},"end":{"line":51,"column":71}},"51":{"start":{"line":52,"column":0},"end":{"line":52,"column":55}},"52":{"start":{"line":53,"column":0},"end":{"line":53,"column":64}},"53":{"start":{"line":54,"column":0},"end":{"line":54,"column":31}},"55":{"start":{"line":56,"column":0},"end":{"line":56,"column":80}},"57":{"start":{"line":58,"column":0},"end":{"line":58,"column":79}},"59":{"start":{"line":60,"column":0},"end":{"line":60,"column":105}},"60":{"start":{"line":61,"column":0},"end":{"line":61,"column":88}},"61":{"start":{"line":62,"column":0},"end":{"line":62,"column":22}},"62":{"start":{"line":63,"column":0},"end":{"line":63,"column":23}},"63":{"start":{"line":64,"column":0},"end":{"line":64,"column":9}},"65":{"start":{"line":66,"column":0},"end":{"line":66,"column":31}},"66":{"start":{"line":67,"column":0},"end":{"line":67,"column":7}},"67":{"start":{"line":68,"column":0},"end":{"line":68,"column":5}},"69":{"start":{"line":70,"column":0},"end":{"line":70,"column":43}},"70":{"start":{"line":71,"column":0},"end":{"line":71,"column":63}},"71":{"start":{"line":72,"column":0},"end":{"line":72,"column":81}},"74":{"start":{"line":75,"column":0},"end":{"line":75,"column":37}},"75":{"start":{"line":76,"column":0},"end":{"line":76,"column":28}},"77":{"start":{"line":78,"column":0},"end":{"line":78,"column":70}},"79":{"start":{"line":80,"column":0},"end":{"line":80,"column":98}},"81":{"start":{"line":82,"column":0},"end":{"line":82,"column":31}},"82":{"start":{"line":83,"column":0},"end":{"line":83,"column":7}},"84":{"start":{"line":85,"column":0},"end":{"line":85,"column":55}},"85":{"start":{"line":86,"column":0},"end":{"line":86,"column":59}},"86":{"start":{"line":87,"column":0},"end":{"line":87,"column":51}},"88":{"start":{"line":89,"column":0},"end":{"line":89,"column":51}},"89":{"start":{"line":90,"column":0},"end":{"line":90,"column":28}},"90":{"start":{"line":91,"column":0},"end":{"line":91,"column":55}},"91":{"start":{"line":92,"column":0},"end":{"line":92,"column":20}},"93":{"start":{"line":94,"column":0},"end":{"line":94,"column":56}},"94":{"start":{"line":95,"column":0},"end":{"line":95,"column":54}},"95":{"start":{"line":96,"column":0},"end":{"line":96,"column":84}},"96":{"start":{"line":97,"column":0},"end":{"line":97,"column":7}},"97":{"start":{"line":98,"column":0},"end":{"line":98,"column":5}},"98":{"start":{"line":99,"column":0},"end":{"line":99,"column":3}}},"s":{"0":1,"1":1,"4":1,"5":1,"6":1,"7":1,"9":1,"10":1,"11":6,"12":1,"14":1,"15":1,"16":1,"18":1,"19":1,"20":1,"22":1,"23":1,"25":1,"26":1,"28":1,"29":1,"31":1,"32":1,"34":1,"36":1,"37":1,"38":1,"40":1,"41":1,"42":1,"43":1,"45":1,"47":1,"48":1,"50":1,"51":1,"52":1,"53":1,"55":1,"57":1,"59":1,"60":1,"61":1,"62":1,"63":1,"65":1,"66":1,"67":1,"69":1,"70":1,"71":1,"74":1,"75":1,"77":1,"79":1,"81":1,"82":1,"84":1,"85":1,"86":1,"88":1,"89":1,"90":1,"91":1,"93":1,"94":1,"95":1,"96":1,"97":1,"98":1},"branchMap":{"0":{"type":"branch","line":10,"loc":{"start":{"line":10,"column":24},"end":{"line":99,"column":3}},"locations":[{"start":{"line":10,"column":24},"end":{"line":99,"column":3}}]},"1":{"type":"branch","line":11,"loc":{"start":{"line":11,"column":13},"end":{"line":13,"column":3}},"locations":[{"start":{"line":11,"column":13},"end":{"line":13,"column":3}}]},"2":{"type":"branch","line":15,"loc":{"start":{"line":15,"column":29},"end":{"line":39,"column":3}},"locations":[{"start":{"line":15,"column":29},"end":{"line":39,"column":3}}]},"3":{"type":"branch","line":16,"loc":{"start":{"line":16,"column":37},"end":{"line":27,"column":5}},"locations":[{"start":{"line":16,"column":37},"end":{"line":27,"column":5}}]},"4":{"type":"branch","line":17,"loc":{"start":{"line":17,"column":71},"end":{"line":17,"column":79}},"locations":[{"start":{"line":17,"column":71},"end":{"line":17,"column":79}}]},"5":{"type":"branch","line":29,"loc":{"start":{"line":29,"column":46},"end":{"line":38,"column":5}},"locations":[{"start":{"line":29,"column":46},"end":{"line":38,"column":5}}]},"6":{"type":"branch","line":41,"loc":{"start":{"line":41,"column":27},"end":{"line":68,"column":3}},"locations":[{"start":{"line":41,"column":27},"end":{"line":68,"column":3}}]},"7":{"type":"branch","line":42,"loc":{"start":{"line":42,"column":47},"end":{"line":49,"column":5}},"locations":[{"start":{"line":42,"column":47},"end":{"line":49,"column":5}}]},"8":{"type":"branch","line":51,"loc":{"start":{"line":51,"column":64},"end":{"line":67,"column":5}},"locations":[{"start":{"line":51,"column":64},"end":{"line":67,"column":5}}]},"9":{"type":"branch","line":56,"loc":{"start":{"line":56,"column":70},"end":{"line":56,"column":78}},"locations":[{"start":{"line":56,"column":70},"end":{"line":56,"column":78}}]},"10":{"type":"branch","line":70,"loc":{"start":{"line":70,"column":36},"end":{"line":98,"column":3}},"locations":[{"start":{"line":70,"column":36},"end":{"line":98,"column":3}}]},"11":{"type":"branch","line":71,"loc":{"start":{"line":71,"column":56},"end":{"line":83,"column":5}},"locations":[{"start":{"line":71,"column":56},"end":{"line":83,"column":5}}]},"12":{"type":"branch","line":72,"loc":{"start":{"line":72,"column":71},"end":{"line":72,"column":79}},"locations":[{"start":{"line":72,"column":71},"end":{"line":72,"column":79}}]},"13":{"type":"branch","line":85,"loc":{"start":{"line":85,"column":48},"end":{"line":97,"column":5}},"locations":[{"start":{"line":85,"column":48},"end":{"line":97,"column":5}}]}},"b":{"0":[1],"1":[6],"2":[1],"3":[1],"4":[3],"5":[1],"6":[1],"7":[1],"8":[1],"9":[1],"10":[1],"11":[1],"12":[1],"13":[1]},"fnMap":{},"f":{}}
,"E:\\2025\\work\\analytics-debugger\\ga4mp\\src\\modules\\request.ts": {"path":"E:\\2025\\work\\analytics-debugger\\ga4mp\\src\\modules\\request.ts","all":false,"statementMap":{"13":{"start":{"line":14,"column":0},"end":{"line":14,"column":46}},"14":{"start":{"line":15,"column":0},"end":{"line":15,"column":9}},"15":{"start":{"line":16,"column":0},"end":{"line":16,"column":36}},"17":{"start":{"line":18,"column":0},"end":{"line":18,"column":75}},"18":{"start":{"line":19,"column":0},"end":{"line":19,"column":13}},"19":{"start":{"line":20,"column":0},"end":{"line":20,"column":21}},"20":{"start":{"line":21,"column":0},"end":{"line":21,"column":5}},"21":{"start":{"line":22,"column":0},"end":{"line":22,"column":2}},"30":{"start":{"line":31,"column":0},"end":{"line":31,"column":28}},"31":{"start":{"line":32,"column":0},"end":{"line":32,"column":21}},"32":{"start":{"line":33,"column":0},"end":{"line":33,"column":33}},"33":{"start":{"line":34,"column":0},"end":{"line":34,"column":34}},"34":{"start":{"line":35,"column":0},"end":{"line":35,"column":29}},"35":{"start":{"line":36,"column":0},"end":{"line":36,"column":12}},"37":{"start":{"line":38,"column":0},"end":{"line":38,"column":32}},"38":{"start":{"line":39,"column":0},"end":{"line":39,"column":67}},"39":{"start":{"line":40,"column":0},"end":{"line":40,"column":15}},"40":{"start":{"line":41,"column":0},"end":{"line":41,"column":5}},"43":{"start":{"line":44,"column":0},"end":{"line":44,"column":19}},"44":{"start":{"line":45,"column":0},"end":{"line":45,"column":9}},"45":{"start":{"line":46,"column":0},"end":{"line":46,"column":33}},"46":{"start":{"line":47,"column":0},"end":{"line":47,"column":47}},"47":{"start":{"line":48,"column":0},"end":{"line":48,"column":21}},"48":{"start":{"line":49,"column":0},"end":{"line":49,"column":21}},"49":{"start":{"line":50,"column":0},"end":{"line":50,"column":110}},"50":{"start":{"line":51,"column":0},"end":{"line":51,"column":15}},"51":{"start":{"line":52,"column":0},"end":{"line":52,"column":5}},"53":{"start":{"line":54,"column":0},"end":{"line":54,"column":40}},"55":{"start":{"line":56,"column":0},"end":{"line":56,"column":29}},"57":{"start":{"line":58,"column":0},"end":{"line":58,"column":71}},"58":{"start":{"line":59,"column":0},"end":{"line":59,"column":42}},"59":{"start":{"line":60,"column":0},"end":{"line":60,"column":16}},"61":{"start":{"line":62,"column":0},"end":{"line":62,"column":84}},"62":{"start":{"line":63,"column":0},"end":{"line":63,"column":28}},"63":{"start":{"line":64,"column":0},"end":{"line":64,"column":30}},"64":{"start":{"line":65,"column":0},"end":{"line":65,"column":32}},"65":{"start":{"line":66,"column":0},"end":{"line":66,"column":23}},"66":{"start":{"line":67,"column":0},"end":{"line":67,"column":29}},"67":{"start":{"line":68,"column":0},"end":{"line":68,"column":62}},"68":{"start":{"line":69,"column":0},"end":{"line":69,"column":15}},"69":{"start":{"line":70,"column":0},"end":{"line":70,"column":9}},"70":{"start":{"line":71,"column":0},"end":{"line":71,"column":12}},"72":{"start":{"line":73,"column":0},"end":{"line":73,"column":13}},"73":{"start":{"line":74,"column":0},"end":{"line":74,"column":45}},"74":{"start":{"line":75,"column":0},"end":{"line":75,"column":81}},"76":{"start":{"line":77,"column":0},"end":{"line":77,"column":58}},"77":{"start":{"line":78,"column":0},"end":{"line":78,"column":67}},"78":{"start":{"line":79,"column":0},"end":{"line":79,"column":13}},"81":{"start":{"line":82,"column":0},"end":{"line":82,"column":25}},"82":{"start":{"line":83,"column":0},"end":{"line":83,"column":37}},"83":{"start":{"line":84,"column":0},"end":{"line":84,"column":39}},"84":{"start":{"line":85,"column":0},"end":{"line":85,"column":20}},"85":{"start":{"line":86,"column":0},"end":{"line":86,"column":38}},"86":{"start":{"line":87,"column":0},"end":{"line":87,"column":13}},"88":{"start":{"line":89,"column":0},"end":{"line":89,"column":72}},"89":{"start":{"line":90,"column":0},"end":{"line":90,"column":61}},"90":{"start":{"line":91,"column":0},"end":{"line":91,"column":51}},"92":{"start":{"line":93,"column":0},"end":{"line":93,"column":29}},"93":{"start":{"line":94,"column":0},"end":{"line":94,"column":26}},"94":{"start":{"line":95,"column":0},"end":{"line":95,"column":53}},"95":{"start":{"line":96,"column":0},"end":{"line":96,"column":35}},"96":{"start":{"line":97,"column":0},"end":{"line":97,"column":18}},"97":{"start":{"line":98,"column":0},"end":{"line":98,"column":45}},"98":{"start":{"line":99,"column":0},"end":{"line":99,"column":23}},"99":{"start":{"line":100,"column":0},"end":{"line":100,"column":14}},"101":{"start":{"line":102,"column":0},"end":{"line":102,"column":70}},"102":{"start":{"line":103,"column":0},"end":{"line":103,"column":30}},"103":{"start":{"line":104,"column":0},"end":{"line":104,"column":52}},"104":{"start":{"line":105,"column":0},"end":{"line":105,"column":45}},"105":{"start":{"line":106,"column":0},"end":{"line":106,"column":19}},"106":{"start":{"line":107,"column":0},"end":{"line":107,"column":38}},"108":{"start":{"line":109,"column":0},"end":{"line":109,"column":42}},"109":{"start":{"line":110,"column":0},"end":{"line":110,"column":63}},"110":{"start":{"line":111,"column":0},"end":{"line":111,"column":21}},"111":{"start":{"line":112,"column":0},"end":{"line":112,"column":19}},"112":{"start":{"line":113,"column":0},"end":{"line":113,"column":15}},"114":{"start":{"line":115,"column":0},"end":{"line":115,"column":49}},"115":{"start":{"line":116,"column":0},"end":{"line":116,"column":61}},"116":{"start":{"line":117,"column":0},"end":{"line":117,"column":35}},"117":{"start":{"line":118,"column":0},"end":{"line":118,"column":38}},"118":{"start":{"line":119,"column":0},"end":{"line":119,"column":17}},"119":{"start":{"line":120,"column":0},"end":{"line":120,"column":15}},"121":{"start":{"line":122,"column":0},"end":{"line":122,"column":41}},"122":{"start":{"line":123,"column":0},"end":{"line":123,"column":34}},"123":{"start":{"line":124,"column":0},"end":{"line":124,"column":86}},"124":{"start":{"line":125,"column":0},"end":{"line":125,"column":37}},"125":{"start":{"line":126,"column":0},"end":{"line":126,"column":40}},"126":{"start":{"line":127,"column":0},"end":{"line":127,"column":17}},"127":{"start":{"line":128,"column":0},"end":{"line":128,"column":15}},"128":{"start":{"line":129,"column":0},"end":{"line":129,"column":23}},"129":{"start":{"line":130,"column":0},"end":{"line":130,"column":65}},"130":{"start":{"line":131,"column":0},"end":{"line":131,"column":31}},"131":{"start":{"line":132,"column":0},"end":{"line":132,"column":43}},"132":{"start":{"line":133,"column":0},"end":{"line":133,"column":13}},"133":{"start":{"line":134,"column":0},"end":{"line":134,"column":9}},"134":{"start":{"line":135,"column":0},"end":{"line":135,"column":5}},"135":{"start":{"line":136,"column":0},"end":{"line":136,"column":2}}},"s":{"13":1,"14":9,"15":9,"17":9,"18":9,"19":1,"20":1,"21":9,"30":1,"31":9,"32":9,"33":9,"34":9,"35":9,"37":9,"38":3,"39":3,"40":3,"43":6,"44":6,"45":6,"46":6,"47":6,"48":9,"49":1,"50":1,"51":1,"53":5,"55":5,"57":5,"58":4,"59":5,"61":1,"62":1,"63":1,"64":1,"65":1,"66":1,"67":0,"68":1,"69":1,"70":9,"72":0,"73":0,"74":0,"76":0,"77":0,"78":0,"81":0,"82":0,"83":0,"84":0,"85":0,"86":0,"88":0,"89":0,"90":0,"92":0,"93":0,"94":0,"95":0,"96":0,"97":0,"98":0,"99":0,"101":0,"102":0,"103":0,"104":0,"105":0,"106":0,"108":0,"109":0,"110":0,"111":0,"112":0,"114":0,"115":0,"116":0,"117":0,"118":0,"119":0,"121":0,"122":0,"123":0,"124":0,"125":0,"126":0,"127":0,"128":0,"129":0,"130":0,"131":0,"132":0,"133":0,"134":0,"135":9},"branchMap":{"0":{"type":"branch","line":14,"loc":{"start":{"line":14,"column":19},"end":{"line":22,"column":2}},"locations":[{"start":{"line":14,"column":19},"end":{"line":22,"column":2}}]},"1":{"type":"branch","line":18,"loc":{"start":{"line":18,"column":35},"end":{"line":18,"column":75}},"locations":[{"start":{"line":18,"column":35},"end":{"line":18,"column":75}}]},"2":{"type":"branch","line":19,"loc":{"start":{"line":19,"column":4},"end":{"line":21,"column":5}},"locations":[{"start":{"line":19,"column":4},"end":{"line":21,"column":5}}]},"3":{"type":"branch","line":31,"loc":{"start":{"line":31,"column":27},"end":{"line":136,"column":2}},"locations":[{"start":{"line":31,"column":27},"end":{"line":136,"column":2}}]},"4":{"type":"branch","line":38,"loc":{"start":{"line":38,"column":31},"end":{"line":41,"column":5}},"locations":[{"start":{"line":38,"column":31},"end":{"line":41,"column":5}}]},"5":{"type":"branch","line":41,"loc":{"start":{"line":41,"column":4},"end":{"line":49,"column":13}},"locations":[{"start":{"line":41,"column":4},"end":{"line":49,"column":13}}]},"6":{"type":"branch","line":49,"loc":{"start":{"line":49,"column":4},"end":{"line":52,"column":5}},"locations":[{"start":{"line":49,"column":4},"end":{"line":52,"column":5}}]},"7":{"type":"branch","line":50,"loc":{"start":{"line":50,"column":85},"end":{"line":50,"column":108}},"locations":[{"start":{"line":50,"column":85},"end":{"line":50,"column":108}}]},"8":{"type":"branch","line":52,"loc":{"start":{"line":52,"column":4},"end":{"line":71,"column":11}},"locations":[{"start":{"line":52,"column":4},"end":{"line":71,"column":11}}]},"9":{"type":"branch","line":58,"loc":{"start":{"line":58,"column":70},"end":{"line":60,"column":15}},"locations":[{"start":{"line":58,"column":70},"end":{"line":60,"column":15}}]},"10":{"type":"branch","line":60,"loc":{"start":{"line":60,"column":8},"end":{"line":70,"column":9}},"locations":[{"start":{"line":60,"column":8},"end":{"line":70,"column":9}}]},"11":{"type":"branch","line":71,"loc":{"start":{"line":71,"column":4},"end":{"line":135,"column":5}},"locations":[{"start":{"line":71,"column":4},"end":{"line":135,"column":5}}]}},"b":{"0":[9],"1":[3],"2":[1],"3":[9],"4":[3],"5":[6],"6":[1],"7":[0],"8":[5],"9":[4],"10":[1],"11":[0]},"fnMap":{"0":{"name":"isValidUrl","decl":{"start":{"line":14,"column":19},"end":{"line":22,"column":2}},"loc":{"start":{"line":14,"column":19},"end":{"line":22,"column":2}},"line":14},"1":{"name":"sendRequest","decl":{"start":{"line":31,"column":27},"end":{"line":136,"column":2}},"loc":{"start":{"line":31,"column":27},"end":{"line":136,"column":2}},"line":31}},"f":{"0":9,"1":9}}
}
